{"C:\\workspace\\js_challenge\\js_challenge_enrico_schintu\\es_musement_app\\src\\App.vue": {"path":"C:\\workspace\\js_challenge\\js_challenge_enrico_schintu\\es_musement_app\\src\\App.vue","statementMap":{"0":{"start":{"line":27,"column":0},"end":{"line":27,"column":null}},"1":{"start":{"line":28,"column":0},"end":{"line":28,"column":null}},"2":{"start":{"line":33,"column":0},"end":{"line":33,"column":null}},"3":{"start":{"line":34,"column":0},"end":{"line":34,"column":null}},"4":{"start":{"line":37,"column":0},"end":{"line":37,"column":null}},"5":{"start":{"line":41,"column":0},"end":{"line":41,"column":null}},"6":{"start":{"line":33,"column":0},"end":{"line":30,"column":null}}},"fnMap":{"0":{"name":"(anonymous_1)","decl":{"start":{"line":33,"column":0},"end":{"line":33,"column":null}},"loc":{"start":{"line":33,"column":0},"end":{"line":43,"column":null}}},"1":{"name":"(anonymous_2)","decl":{"start":{"line":36,"column":0},"end":{"line":36,"column":null}},"loc":{"start":{"line":36,"column":0},"end":{"line":38,"column":null}}},"2":{"name":"(anonymous_3)","decl":{"start":{"line":40,"column":0},"end":{"line":40,"column":null}},"loc":{"start":{"line":40,"column":0},"end":{"line":42,"column":null}}}},"branchMap":{"0":{"loc":{"start":{"line":37,"column":0},"end":{"line":37,"column":null}},"type":"binary-expr","locations":[{"start":{"line":37,"column":0},"end":{"line":37,"column":null}},{"start":{"line":37,"column":0},"end":{"line":37,"column":null}}]}},"s":{"0":1,"1":1,"2":1,"3":3,"4":5,"5":1,"6":1},"f":{"0":3,"1":5,"2":1},"b":{"0":[5,3]}}
,"C:\\workspace\\js_challenge\\js_challenge_enrico_schintu\\es_musement_app\\src\\components\\commons\\CustomIcon.vue": {"path":"C:\\workspace\\js_challenge\\js_challenge_enrico_schintu\\es_musement_app\\src\\components\\commons\\CustomIcon.vue","statementMap":{"0":{"start":{"line":88,"column":0},"end":{"line":88,"column":null}},"1":{"start":{"line":91,"column":0},"end":{"line":91,"column":null}},"2":{"start":{"line":92,"column":0},"end":{"line":92,"column":null}},"3":{"start":{"line":94,"column":0},"end":{"line":94,"column":null}},"4":{"start":{"line":96,"column":0},"end":{"line":96,"column":null}},"5":{"start":{"line":98,"column":0},"end":{"line":98,"column":null}},"6":{"start":{"line":100,"column":0},"end":{"line":100,"column":null}},"7":{"start":{"line":102,"column":0},"end":{"line":102,"column":null}}},"fnMap":{},"branchMap":{},"s":{"0":8,"1":16,"2":8,"3":8,"4":8,"5":8,"6":8,"7":8},"f":{},"b":{}}
,"C:\\workspace\\js_challenge\\js_challenge_enrico_schintu\\es_musement_app\\src\\components\\commons\\ImageWrapper.vue": {"path":"C:\\workspace\\js_challenge\\js_challenge_enrico_schintu\\es_musement_app\\src\\components\\commons\\ImageWrapper.vue","statementMap":{"0":{"start":{"line":175,"column":0},"end":{"line":175,"column":null}},"1":{"start":{"line":178,"column":0},"end":{"line":178,"column":null}},"2":{"start":{"line":208,"column":0},"end":{"line":208,"column":null}},"3":{"start":{"line":210,"column":0},"end":{"line":210,"column":null}},"4":{"start":{"line":218,"column":0},"end":{"line":220,"column":null}},"5":{"start":{"line":219,"column":0},"end":{"line":219,"column":null}},"6":{"start":{"line":227,"column":0},"end":{"line":229,"column":null}},"7":{"start":{"line":228,"column":0},"end":{"line":228,"column":null}},"8":{"start":{"line":230,"column":0},"end":{"line":230,"column":null}},"9":{"start":{"line":237,"column":0},"end":{"line":237,"column":null}},"10":{"start":{"line":244,"column":0},"end":{"line":244,"column":null}},"11":{"start":{"line":253,"column":0},"end":{"line":253,"column":null}},"12":{"start":{"line":260,"column":0},"end":{"line":260,"column":null}},"13":{"start":{"line":180,"column":0},"end":{"line":180,"column":null}},"14":{"start":{"line":183,"column":0},"end":{"line":183,"column":null}},"15":{"start":{"line":186,"column":0},"end":{"line":186,"column":null}},"16":{"start":{"line":189,"column":0},"end":{"line":189,"column":null}},"17":{"start":{"line":192,"column":0},"end":{"line":192,"column":null}},"18":{"start":{"line":196,"column":0},"end":{"line":196,"column":null}},"19":{"start":{"line":199,"column":0},"end":{"line":199,"column":null}},"20":{"start":{"line":202,"column":0},"end":{"line":202,"column":null}},"21":{"start":{"line":206,"column":0},"end":{"line":206,"column":null}}},"fnMap":{"0":{"name":"(anonymous_1)","decl":{"start":{"line":178,"column":0},"end":{"line":178,"column":null}},"loc":{"start":{"line":178,"column":0},"end":{"line":262,"column":null}}},"1":{"name":"(anonymous_2)","decl":{"start":{"line":217,"column":0},"end":{"line":217,"column":null}},"loc":{"start":{"line":217,"column":0},"end":{"line":221,"column":null}}},"2":{"name":"(anonymous_3)","decl":{"start":{"line":218,"column":0},"end":{"line":218,"column":null}},"loc":{"start":{"line":218,"column":0},"end":{"line":220,"column":null}}},"3":{"name":"(anonymous_4)","decl":{"start":{"line":226,"column":0},"end":{"line":226,"column":null}},"loc":{"start":{"line":226,"column":0},"end":{"line":231,"column":null}}},"4":{"name":"(anonymous_5)","decl":{"start":{"line":236,"column":0},"end":{"line":236,"column":null}},"loc":{"start":{"line":236,"column":0},"end":{"line":238,"column":null}}},"5":{"name":"(anonymous_6)","decl":{"start":{"line":243,"column":0},"end":{"line":243,"column":null}},"loc":{"start":{"line":243,"column":0},"end":{"line":247,"column":null}}},"6":{"name":"(anonymous_7)","decl":{"start":{"line":252,"column":0},"end":{"line":252,"column":null}},"loc":{"start":{"line":252,"column":0},"end":{"line":254,"column":null}}},"7":{"name":"(anonymous_8)","decl":{"start":{"line":259,"column":0},"end":{"line":259,"column":null}},"loc":{"start":{"line":259,"column":0},"end":{"line":261,"column":null}}}},"branchMap":{"0":{"loc":{"start":{"line":227,"column":0},"end":{"line":229,"column":null}},"type":"if","locations":[{"start":{"line":227,"column":0},"end":{"line":229,"column":null}},{"start":{"line":227,"column":0},"end":{"line":229,"column":null}}]},"1":{"loc":{"start":{"line":244,"column":0},"end":{"line":244,"column":null}},"type":"cond-expr","locations":[{"start":{"line":244,"column":0},"end":{"line":244,"column":null}},{"start":{"line":244,"column":0},"end":{"line":244,"column":null}}]},"2":{"loc":{"start":{"line":253,"column":0},"end":{"line":253,"column":null}},"type":"cond-expr","locations":[{"start":{"line":253,"column":0},"end":{"line":253,"column":null}},{"start":{"line":253,"column":0},"end":{"line":253,"column":null}}]},"3":{"loc":{"start":{"line":260,"column":0},"end":{"line":260,"column":null}},"type":"cond-expr","locations":[{"start":{"line":260,"column":0},"end":{"line":260,"column":null}},{"start":{"line":260,"column":0},"end":{"line":260,"column":null}}]}},"s":{"0":7,"1":14,"2":6,"3":6,"4":6,"5":0,"6":1,"7":1,"8":1,"9":9,"10":4,"11":3,"12":3,"13":7,"14":7,"15":7,"16":7,"17":7,"18":7,"19":7,"20":7,"21":7},"f":{"0":6,"1":6,"2":0,"3":1,"4":9,"5":4,"6":3,"7":3},"b":{"0":[1,0],"1":[3,1],"2":[1,2],"3":[1,2]}}
,"C:\\workspace\\js_challenge\\js_challenge_enrico_schintu\\es_musement_app\\src\\components\\commons\\Pagination.vue": {"path":"C:\\workspace\\js_challenge\\js_challenge_enrico_schintu\\es_musement_app\\src\\components\\commons\\Pagination.vue","statementMap":{"0":{"start":{"line":42,"column":0},"end":{"line":42,"column":null}},"1":{"start":{"line":43,"column":0},"end":{"line":43,"column":null}},"2":{"start":{"line":45,"column":0},"end":{"line":45,"column":null}},"3":{"start":{"line":50,"column":0},"end":{"line":50,"column":null}},"4":{"start":{"line":55,"column":0},"end":{"line":55,"column":null}},"5":{"start":{"line":57,"column":0},"end":{"line":57,"column":null}},"6":{"start":{"line":61,"column":0},"end":{"line":61,"column":null}},"7":{"start":{"line":62,"column":0},"end":{"line":62,"column":null}},"8":{"start":{"line":63,"column":0},"end":{"line":63,"column":null}},"9":{"start":{"line":67,"column":0},"end":{"line":70,"column":null}},"10":{"start":{"line":68,"column":0},"end":{"line":68,"column":null}},"11":{"start":{"line":69,"column":0},"end":{"line":69,"column":null}},"12":{"start":{"line":74,"column":0},"end":{"line":76,"column":null}},"13":{"start":{"line":75,"column":0},"end":{"line":75,"column":null}},"14":{"start":{"line":80,"column":0},"end":{"line":80,"column":null}},"15":{"start":{"line":84,"column":0},"end":{"line":84,"column":null}},"16":{"start":{"line":85,"column":0},"end":{"line":85,"column":null}},"17":{"start":{"line":86,"column":0},"end":{"line":86,"column":null}},"18":{"start":{"line":87,"column":0},"end":{"line":87,"column":null}},"19":{"start":{"line":88,"column":0},"end":{"line":90,"column":null}},"20":{"start":{"line":88,"column":0},"end":{"line":88,"column":null}},"21":{"start":{"line":89,"column":0},"end":{"line":89,"column":null}},"22":{"start":{"line":51,"column":0},"end":{"line":51,"column":null}},"23":{"start":{"line":53,"column":0},"end":{"line":53,"column":null}},"24":{"start":{"line":60,"column":0},"end":{"line":59,"column":null}},"25":{"start":{"line":50,"column":0},"end":{"line":47,"column":null}}},"fnMap":{"0":{"name":"(anonymous_1)","decl":{"start":{"line":50,"column":0},"end":{"line":50,"column":null}},"loc":{"start":{"line":50,"column":0},"end":{"line":92,"column":null}}},"1":{"name":"(anonymous_2)","decl":{"start":{"line":60,"column":0},"end":{"line":60,"column":null}},"loc":{"start":{"line":60,"column":0},"end":{"line":64,"column":null}}},"2":{"name":"(anonymous_3)","decl":{"start":{"line":66,"column":0},"end":{"line":66,"column":null}},"loc":{"start":{"line":66,"column":0},"end":{"line":71,"column":null}}},"3":{"name":"(anonymous_4)","decl":{"start":{"line":73,"column":0},"end":{"line":73,"column":null}},"loc":{"start":{"line":73,"column":0},"end":{"line":77,"column":null}}},"4":{"name":"(anonymous_5)","decl":{"start":{"line":79,"column":0},"end":{"line":79,"column":null}},"loc":{"start":{"line":79,"column":0},"end":{"line":81,"column":null}}},"5":{"name":"(anonymous_6)","decl":{"start":{"line":83,"column":0},"end":{"line":83,"column":null}},"loc":{"start":{"line":83,"column":0},"end":{"line":91,"column":null}}}},"branchMap":{"0":{"loc":{"start":{"line":61,"column":0},"end":{"line":61,"column":null}},"type":"cond-expr","locations":[{"start":{"line":61,"column":0},"end":{"line":61,"column":null}},{"start":{"line":61,"column":0},"end":{"line":61,"column":null}}]},"1":{"loc":{"start":{"line":67,"column":0},"end":{"line":70,"column":null}},"type":"if","locations":[{"start":{"line":67,"column":0},"end":{"line":70,"column":null}},{"start":{"line":67,"column":0},"end":{"line":70,"column":null}}]},"2":{"loc":{"start":{"line":67,"column":0},"end":{"line":67,"column":null}},"type":"binary-expr","locations":[{"start":{"line":67,"column":0},"end":{"line":67,"column":null}},{"start":{"line":67,"column":0},"end":{"line":67,"column":null}}]},"3":{"loc":{"start":{"line":74,"column":0},"end":{"line":76,"column":null}},"type":"if","locations":[{"start":{"line":74,"column":0},"end":{"line":76,"column":null}},{"start":{"line":74,"column":0},"end":{"line":76,"column":null}}]},"4":{"loc":{"start":{"line":84,"column":0},"end":{"line":84,"column":null}},"type":"cond-expr","locations":[{"start":{"line":84,"column":0},"end":{"line":84,"column":null}},{"start":{"line":84,"column":0},"end":{"line":84,"column":null}}]}},"s":{"0":3,"1":3,"2":3,"3":3,"4":6,"5":6,"6":10,"7":10,"8":10,"9":3,"10":2,"11":2,"12":1,"13":1,"14":1,"15":8,"16":8,"17":8,"18":8,"19":8,"20":8,"21":22,"22":3,"23":3,"24":3,"25":3},"f":{"0":6,"1":10,"2":3,"3":1,"4":1,"5":8},"b":{"0":[2,8],"1":[2,1],"2":[3,3],"3":[1,0],"4":[8,0]}}
,"C:\\workspace\\js_challenge\\js_challenge_enrico_schintu\\es_musement_app\\src\\components\\layout\\AppFooter.vue": {"path":"C:\\workspace\\js_challenge\\js_challenge_enrico_schintu\\es_musement_app\\src\\components\\layout\\AppFooter.vue","statementMap":{"0":{"start":{"line":12,"column":0},"end":{"line":12,"column":null}},"1":{"start":{"line":15,"column":0},"end":{"line":15,"column":null}}},"fnMap":{},"branchMap":{},"s":{"0":1,"1":2},"f":{},"b":{}}
,"C:\\workspace\\js_challenge\\js_challenge_enrico_schintu\\es_musement_app\\src\\components\\layout\\AppHeader.vue": {"path":"C:\\workspace\\js_challenge\\js_challenge_enrico_schintu\\es_musement_app\\src\\components\\layout\\AppHeader.vue","statementMap":{"0":{"start":{"line":18,"column":0},"end":{"line":18,"column":null}},"1":{"start":{"line":19,"column":0},"end":{"line":19,"column":null}},"2":{"start":{"line":20,"column":0},"end":{"line":20,"column":null}},"3":{"start":{"line":21,"column":0},"end":{"line":21,"column":null}},"4":{"start":{"line":22,"column":0},"end":{"line":22,"column":null}},"5":{"start":{"line":32,"column":0},"end":{"line":32,"column":null}},"6":{"start":{"line":32,"column":0},"end":{"line":24,"column":null}}},"fnMap":{},"branchMap":{},"s":{"0":1,"1":1,"2":1,"3":1,"4":1,"5":1,"6":1},"f":{},"b":{}}
,"C:\\workspace\\js_challenge\\js_challenge_enrico_schintu\\es_musement_app\\src\\components\\min-bag\\MiniBag.vue": {"path":"C:\\workspace\\js_challenge\\js_challenge_enrico_schintu\\es_musement_app\\src\\components\\min-bag\\MiniBag.vue","statementMap":{"0":{"start":{"line":71,"column":0},"end":{"line":71,"column":null}},"1":{"start":{"line":72,"column":0},"end":{"line":72,"column":null}},"2":{"start":{"line":74,"column":0},"end":{"line":74,"column":null}},"3":{"start":{"line":75,"column":0},"end":{"line":75,"column":null}},"4":{"start":{"line":76,"column":0},"end":{"line":76,"column":null}},"5":{"start":{"line":77,"column":0},"end":{"line":77,"column":null}},"6":{"start":{"line":78,"column":0},"end":{"line":78,"column":null}},"7":{"start":{"line":83,"column":0},"end":{"line":83,"column":null}},"8":{"start":{"line":84,"column":0},"end":{"line":84,"column":null}},"9":{"start":{"line":86,"column":0},"end":{"line":86,"column":null}},"10":{"start":{"line":88,"column":0},"end":{"line":88,"column":null}},"11":{"start":{"line":91,"column":0},"end":{"line":91,"column":null}},"12":{"start":{"line":95,"column":0},"end":{"line":95,"column":null}},"13":{"start":{"line":99,"column":0},"end":{"line":99,"column":null}},"14":{"start":{"line":103,"column":0},"end":{"line":103,"column":null}},"15":{"start":{"line":104,"column":0},"end":{"line":104,"column":null}},"16":{"start":{"line":108,"column":0},"end":{"line":108,"column":null}},"17":{"start":{"line":112,"column":0},"end":{"line":112,"column":null}},"18":{"start":{"line":116,"column":0},"end":{"line":120,"column":null}},"19":{"start":{"line":117,"column":0},"end":{"line":117,"column":null}},"20":{"start":{"line":119,"column":0},"end":{"line":119,"column":null}},"21":{"start":{"line":124,"column":0},"end":{"line":124,"column":null}},"22":{"start":{"line":128,"column":0},"end":{"line":128,"column":null}},"23":{"start":{"line":132,"column":0},"end":{"line":134,"column":null}},"24":{"start":{"line":133,"column":0},"end":{"line":133,"column":null}},"25":{"start":{"line":138,"column":0},"end":{"line":138,"column":null}},"26":{"start":{"line":142,"column":0},"end":{"line":142,"column":null}},"27":{"start":{"line":83,"column":0},"end":{"line":80,"column":null}}},"fnMap":{"0":{"name":"(anonymous_1)","decl":{"start":{"line":83,"column":0},"end":{"line":83,"column":null}},"loc":{"start":{"line":83,"column":0},"end":{"line":144,"column":null}}},"1":{"name":"(anonymous_2)","decl":{"start":{"line":90,"column":0},"end":{"line":90,"column":null}},"loc":{"start":{"line":90,"column":0},"end":{"line":92,"column":null}}},"2":{"name":"(anonymous_3)","decl":{"start":{"line":94,"column":0},"end":{"line":94,"column":null}},"loc":{"start":{"line":94,"column":0},"end":{"line":96,"column":null}}},"3":{"name":"(anonymous_4)","decl":{"start":{"line":98,"column":0},"end":{"line":98,"column":null}},"loc":{"start":{"line":98,"column":0},"end":{"line":100,"column":null}}},"4":{"name":"(anonymous_5)","decl":{"start":{"line":102,"column":0},"end":{"line":102,"column":null}},"loc":{"start":{"line":102,"column":0},"end":{"line":105,"column":null}}},"5":{"name":"(anonymous_6)","decl":{"start":{"line":107,"column":0},"end":{"line":107,"column":null}},"loc":{"start":{"line":107,"column":0},"end":{"line":109,"column":null}}},"6":{"name":"(anonymous_7)","decl":{"start":{"line":111,"column":0},"end":{"line":111,"column":null}},"loc":{"start":{"line":111,"column":0},"end":{"line":113,"column":null}}},"7":{"name":"(anonymous_8)","decl":{"start":{"line":115,"column":0},"end":{"line":115,"column":null}},"loc":{"start":{"line":115,"column":0},"end":{"line":121,"column":null}}},"8":{"name":"(anonymous_9)","decl":{"start":{"line":123,"column":0},"end":{"line":123,"column":null}},"loc":{"start":{"line":123,"column":0},"end":{"line":125,"column":null}}},"9":{"name":"(anonymous_10)","decl":{"start":{"line":127,"column":0},"end":{"line":127,"column":null}},"loc":{"start":{"line":127,"column":0},"end":{"line":129,"column":null}}},"10":{"name":"(anonymous_11)","decl":{"start":{"line":131,"column":0},"end":{"line":131,"column":null}},"loc":{"start":{"line":131,"column":0},"end":{"line":135,"column":null}}},"11":{"name":"(anonymous_12)","decl":{"start":{"line":137,"column":0},"end":{"line":137,"column":null}},"loc":{"start":{"line":137,"column":0},"end":{"line":139,"column":null}}},"12":{"name":"(anonymous_13)","decl":{"start":{"line":141,"column":0},"end":{"line":141,"column":null}},"loc":{"start":{"line":141,"column":0},"end":{"line":143,"column":null}}}},"branchMap":{"0":{"loc":{"start":{"line":112,"column":0},"end":{"line":112,"column":null}},"type":"cond-expr","locations":[{"start":{"line":112,"column":0},"end":{"line":112,"column":null}},{"start":{"line":112,"column":0},"end":{"line":112,"column":null}}]},"1":{"loc":{"start":{"line":116,"column":0},"end":{"line":120,"column":null}},"type":"if","locations":[{"start":{"line":116,"column":0},"end":{"line":120,"column":null}},{"start":{"line":116,"column":0},"end":{"line":120,"column":null}}]},"2":{"loc":{"start":{"line":132,"column":0},"end":{"line":134,"column":null}},"type":"if","locations":[{"start":{"line":132,"column":0},"end":{"line":134,"column":null}},{"start":{"line":132,"column":0},"end":{"line":134,"column":null}}]}},"s":{"0":2,"1":2,"2":2,"3":2,"4":2,"5":2,"6":2,"7":2,"8":7,"9":7,"10":7,"11":45,"12":68,"13":25,"14":42,"15":42,"16":7,"17":45,"18":5,"19":4,"20":1,"21":1,"22":4,"23":2,"24":1,"25":1,"26":1,"27":2},"f":{"0":7,"1":45,"2":68,"3":25,"4":42,"5":7,"6":45,"7":5,"8":1,"9":4,"10":2,"11":1,"12":1},"b":{"0":[25,20],"1":[4,1],"2":[1,1]}}
,"C:\\workspace\\js_challenge\\js_challenge_enrico_schintu\\es_musement_app\\src\\components\\mini-wishlist\\MiniWishlist.vue": {"path":"C:\\workspace\\js_challenge\\js_challenge_enrico_schintu\\es_musement_app\\src\\components\\mini-wishlist\\MiniWishlist.vue","statementMap":{"0":{"start":{"line":52,"column":0},"end":{"line":52,"column":null}},"1":{"start":{"line":53,"column":0},"end":{"line":53,"column":null}},"2":{"start":{"line":55,"column":0},"end":{"line":55,"column":null}},"3":{"start":{"line":56,"column":0},"end":{"line":56,"column":null}},"4":{"start":{"line":57,"column":0},"end":{"line":57,"column":null}},"5":{"start":{"line":60,"column":0},"end":{"line":60,"column":null}},"6":{"start":{"line":65,"column":0},"end":{"line":65,"column":null}},"7":{"start":{"line":66,"column":0},"end":{"line":66,"column":null}},"8":{"start":{"line":68,"column":0},"end":{"line":68,"column":null}},"9":{"start":{"line":73,"column":0},"end":{"line":73,"column":null}},"10":{"start":{"line":77,"column":0},"end":{"line":77,"column":null}},"11":{"start":{"line":81,"column":0},"end":{"line":81,"column":null}},"12":{"start":{"line":85,"column":0},"end":{"line":85,"column":null}},"13":{"start":{"line":89,"column":0},"end":{"line":89,"column":null}},"14":{"start":{"line":93,"column":0},"end":{"line":97,"column":null}},"15":{"start":{"line":94,"column":0},"end":{"line":94,"column":null}},"16":{"start":{"line":96,"column":0},"end":{"line":96,"column":null}},"17":{"start":{"line":101,"column":0},"end":{"line":101,"column":null}},"18":{"start":{"line":105,"column":0},"end":{"line":105,"column":null}},"19":{"start":{"line":65,"column":0},"end":{"line":62,"column":null}}},"fnMap":{"0":{"name":"(anonymous_1)","decl":{"start":{"line":65,"column":0},"end":{"line":65,"column":null}},"loc":{"start":{"line":65,"column":0},"end":{"line":107,"column":null}}},"1":{"name":"(anonymous_2)","decl":{"start":{"line":72,"column":0},"end":{"line":72,"column":null}},"loc":{"start":{"line":72,"column":0},"end":{"line":74,"column":null}}},"2":{"name":"(anonymous_3)","decl":{"start":{"line":76,"column":0},"end":{"line":76,"column":null}},"loc":{"start":{"line":76,"column":0},"end":{"line":78,"column":null}}},"3":{"name":"(anonymous_4)","decl":{"start":{"line":80,"column":0},"end":{"line":80,"column":null}},"loc":{"start":{"line":80,"column":0},"end":{"line":82,"column":null}}},"4":{"name":"(anonymous_5)","decl":{"start":{"line":84,"column":0},"end":{"line":84,"column":null}},"loc":{"start":{"line":84,"column":0},"end":{"line":86,"column":null}}},"5":{"name":"(anonymous_6)","decl":{"start":{"line":88,"column":0},"end":{"line":88,"column":null}},"loc":{"start":{"line":88,"column":0},"end":{"line":90,"column":null}}},"6":{"name":"(anonymous_7)","decl":{"start":{"line":92,"column":0},"end":{"line":92,"column":null}},"loc":{"start":{"line":92,"column":0},"end":{"line":98,"column":null}}},"7":{"name":"(anonymous_8)","decl":{"start":{"line":100,"column":0},"end":{"line":100,"column":null}},"loc":{"start":{"line":100,"column":0},"end":{"line":102,"column":null}}},"8":{"name":"(anonymous_9)","decl":{"start":{"line":104,"column":0},"end":{"line":104,"column":null}},"loc":{"start":{"line":104,"column":0},"end":{"line":106,"column":null}}}},"branchMap":{"0":{"loc":{"start":{"line":85,"column":0},"end":{"line":85,"column":null}},"type":"cond-expr","locations":[{"start":{"line":85,"column":0},"end":{"line":85,"column":null}},{"start":{"line":85,"column":0},"end":{"line":85,"column":null}}]},"1":{"loc":{"start":{"line":93,"column":0},"end":{"line":97,"column":null}},"type":"if","locations":[{"start":{"line":93,"column":0},"end":{"line":97,"column":null}},{"start":{"line":93,"column":0},"end":{"line":97,"column":null}}]}},"s":{"0":2,"1":2,"2":2,"3":2,"4":2,"5":2,"6":2,"7":5,"8":5,"9":19,"10":36,"11":12,"12":19,"13":1,"14":3,"15":2,"16":1,"17":2,"18":1,"19":2},"f":{"0":5,"1":19,"2":36,"3":12,"4":19,"5":1,"6":3,"7":2,"8":1},"b":{"0":[12,7],"1":[2,1]}}
,"C:\\workspace\\js_challenge\\js_challenge_enrico_schintu\\es_musement_app\\src\\components\\showcase\\Showcase.vue": {"path":"C:\\workspace\\js_challenge\\js_challenge_enrico_schintu\\es_musement_app\\src\\components\\showcase\\Showcase.vue","statementMap":{"0":{"start":{"line":35,"column":0},"end":{"line":35,"column":null}},"1":{"start":{"line":36,"column":0},"end":{"line":36,"column":null}},"2":{"start":{"line":37,"column":0},"end":{"line":37,"column":null}},"3":{"start":{"line":38,"column":0},"end":{"line":38,"column":null}},"4":{"start":{"line":39,"column":0},"end":{"line":39,"column":null}},"5":{"start":{"line":40,"column":0},"end":{"line":40,"column":null}},"6":{"start":{"line":45,"column":0},"end":{"line":45,"column":null}},"7":{"start":{"line":46,"column":0},"end":{"line":46,"column":null}},"8":{"start":{"line":47,"column":0},"end":{"line":47,"column":null}},"9":{"start":{"line":52,"column":0},"end":{"line":52,"column":null}},"10":{"start":{"line":53,"column":0},"end":{"line":53,"column":null}},"11":{"start":{"line":54,"column":0},"end":{"line":54,"column":null}},"12":{"start":{"line":57,"column":0},"end":{"line":57,"column":null}},"13":{"start":{"line":61,"column":0},"end":{"line":61,"column":null}},"14":{"start":{"line":65,"column":0},"end":{"line":65,"column":null}},"15":{"start":{"line":69,"column":0},"end":{"line":69,"column":null}},"16":{"start":{"line":73,"column":0},"end":{"line":73,"column":null}},"17":{"start":{"line":77,"column":0},"end":{"line":77,"column":null}},"18":{"start":{"line":78,"column":0},"end":{"line":78,"column":null}},"19":{"start":{"line":79,"column":0},"end":{"line":79,"column":null}},"20":{"start":{"line":87,"column":0},"end":{"line":87,"column":null}},"21":{"start":{"line":92,"column":0},"end":{"line":92,"column":null}},"22":{"start":{"line":100,"column":0},"end":{"line":107,"column":null}},"23":{"start":{"line":101,"column":0},"end":{"line":101,"column":null}},"24":{"start":{"line":102,"column":0},"end":{"line":102,"column":null}},"25":{"start":{"line":103,"column":0},"end":{"line":103,"column":null}},"26":{"start":{"line":104,"column":0},"end":{"line":104,"column":null}},"27":{"start":{"line":106,"column":0},"end":{"line":106,"column":null}},"28":{"start":{"line":52,"column":0},"end":{"line":49,"column":null}}},"fnMap":{"0":{"name":"(anonymous_1)","decl":{"start":{"line":52,"column":0},"end":{"line":52,"column":null}},"loc":{"start":{"line":52,"column":0},"end":{"line":109,"column":null}}},"1":{"name":"(anonymous_2)","decl":{"start":{"line":56,"column":0},"end":{"line":56,"column":null}},"loc":{"start":{"line":56,"column":0},"end":{"line":58,"column":null}}},"2":{"name":"(anonymous_3)","decl":{"start":{"line":60,"column":0},"end":{"line":60,"column":null}},"loc":{"start":{"line":60,"column":0},"end":{"line":62,"column":null}}},"3":{"name":"(anonymous_4)","decl":{"start":{"line":64,"column":0},"end":{"line":64,"column":null}},"loc":{"start":{"line":64,"column":0},"end":{"line":66,"column":null}}},"4":{"name":"(anonymous_5)","decl":{"start":{"line":68,"column":0},"end":{"line":68,"column":null}},"loc":{"start":{"line":68,"column":0},"end":{"line":70,"column":null}}},"5":{"name":"(anonymous_6)","decl":{"start":{"line":72,"column":0},"end":{"line":72,"column":null}},"loc":{"start":{"line":72,"column":0},"end":{"line":74,"column":null}}},"6":{"name":"(anonymous_7)","decl":{"start":{"line":76,"column":0},"end":{"line":76,"column":null}},"loc":{"start":{"line":76,"column":0},"end":{"line":80,"column":null}}},"7":{"name":"(anonymous_8)","decl":{"start":{"line":82,"column":0},"end":{"line":82,"column":null}},"loc":{"start":{"line":82,"column":0},"end":{"line":94,"column":null}}},"8":{"name":"(anonymous_9)","decl":{"start":{"line":92,"column":0},"end":{"line":92,"column":null}},"loc":{"start":{"line":92,"column":0},"end":{"line":92,"column":null}}},"9":{"name":"(anonymous_10)","decl":{"start":{"line":96,"column":0},"end":{"line":96,"column":null}},"loc":{"start":{"line":96,"column":0},"end":{"line":108,"column":null}}}},"branchMap":{"0":{"loc":{"start":{"line":78,"column":0},"end":{"line":78,"column":null}},"type":"cond-expr","locations":[{"start":{"line":78,"column":0},"end":{"line":78,"column":null}},{"start":{"line":78,"column":0},"end":{"line":78,"column":null}}]},"1":{"loc":{"start":{"line":100,"column":0},"end":{"line":107,"column":null}},"type":"if","locations":[{"start":{"line":100,"column":0},"end":{"line":107,"column":null}},{"start":{"line":100,"column":0},"end":{"line":107,"column":null}}]}},"s":{"0":2,"1":2,"2":2,"3":2,"4":2,"5":2,"6":2,"7":2,"8":2,"9":2,"10":6,"11":6,"12":1,"13":7,"14":15,"15":9,"16":15,"17":1,"18":1,"19":1,"20":1,"21":0,"22":2,"23":1,"24":1,"25":1,"26":1,"27":1,"28":2},"f":{"0":6,"1":1,"2":7,"3":15,"4":9,"5":15,"6":1,"7":1,"8":0,"9":2},"b":{"0":[0,1],"1":[1,1]}}
,"C:\\workspace\\js_challenge\\js_challenge_enrico_schintu\\es_musement_app\\src\\components\\showcase\\elements\\EventItemCard.vue": {"path":"C:\\workspace\\js_challenge\\js_challenge_enrico_schintu\\es_musement_app\\src\\components\\showcase\\elements\\EventItemCard.vue","statementMap":{"0":{"start":{"line":61,"column":0},"end":{"line":61,"column":null}},"1":{"start":{"line":62,"column":0},"end":{"line":62,"column":null}},"2":{"start":{"line":63,"column":0},"end":{"line":63,"column":null}},"3":{"start":{"line":64,"column":0},"end":{"line":64,"column":null}},"4":{"start":{"line":66,"column":0},"end":{"line":66,"column":null}},"5":{"start":{"line":67,"column":0},"end":{"line":67,"column":null}},"6":{"start":{"line":74,"column":0},"end":{"line":74,"column":null}},"7":{"start":{"line":77,"column":0},"end":{"line":77,"column":null}},"8":{"start":{"line":78,"column":0},"end":{"line":78,"column":null}},"9":{"start":{"line":80,"column":0},"end":{"line":80,"column":null}},"10":{"start":{"line":83,"column":0},"end":{"line":83,"column":null}},"11":{"start":{"line":87,"column":0},"end":{"line":87,"column":null}},"12":{"start":{"line":91,"column":0},"end":{"line":91,"column":null}},"13":{"start":{"line":95,"column":0},"end":{"line":95,"column":null}},"14":{"start":{"line":99,"column":0},"end":{"line":99,"column":null}},"15":{"start":{"line":103,"column":0},"end":{"line":103,"column":null}},"16":{"start":{"line":75,"column":0},"end":{"line":75,"column":null}},"17":{"start":{"line":74,"column":0},"end":{"line":71,"column":null}}},"fnMap":{"0":{"name":"(anonymous_1)","decl":{"start":{"line":74,"column":0},"end":{"line":74,"column":null}},"loc":{"start":{"line":74,"column":0},"end":{"line":105,"column":null}}},"1":{"name":"(anonymous_2)","decl":{"start":{"line":82,"column":0},"end":{"line":82,"column":null}},"loc":{"start":{"line":82,"column":0},"end":{"line":84,"column":null}}},"2":{"name":"(anonymous_3)","decl":{"start":{"line":86,"column":0},"end":{"line":86,"column":null}},"loc":{"start":{"line":86,"column":0},"end":{"line":88,"column":null}}},"3":{"name":"(anonymous_4)","decl":{"start":{"line":90,"column":0},"end":{"line":90,"column":null}},"loc":{"start":{"line":90,"column":0},"end":{"line":92,"column":null}}},"4":{"name":"(anonymous_5)","decl":{"start":{"line":94,"column":0},"end":{"line":94,"column":null}},"loc":{"start":{"line":94,"column":0},"end":{"line":96,"column":null}}},"5":{"name":"(anonymous_6)","decl":{"start":{"line":98,"column":0},"end":{"line":98,"column":null}},"loc":{"start":{"line":98,"column":0},"end":{"line":100,"column":null}}},"6":{"name":"(anonymous_7)","decl":{"start":{"line":102,"column":0},"end":{"line":102,"column":null}},"loc":{"start":{"line":102,"column":0},"end":{"line":104,"column":null}}}},"branchMap":{"0":{"loc":{"start":{"line":87,"column":0},"end":{"line":87,"column":null}},"type":"cond-expr","locations":[{"start":{"line":87,"column":0},"end":{"line":87,"column":null}},{"start":{"line":87,"column":0},"end":{"line":87,"column":null}}]}},"s":{"0":3,"1":3,"2":3,"3":3,"4":3,"5":3,"6":3,"7":5,"8":5,"9":5,"10":8,"11":6,"12":1,"13":1,"14":1,"15":1,"16":3,"17":3},"f":{"0":5,"1":8,"2":6,"3":1,"4":1,"5":1,"6":1},"b":{"0":[11,7]}}
,"C:\\workspace\\js_challenge\\js_challenge_enrico_schintu\\es_musement_app\\src\\components\\user-menu\\UserMenu.vue": {"path":"C:\\workspace\\js_challenge\\js_challenge_enrico_schintu\\es_musement_app\\src\\components\\user-menu\\UserMenu.vue","statementMap":{"0":{"start":{"line":72,"column":0},"end":{"line":72,"column":null}},"1":{"start":{"line":73,"column":0},"end":{"line":73,"column":null}},"2":{"start":{"line":75,"column":0},"end":{"line":75,"column":null}},"3":{"start":{"line":76,"column":0},"end":{"line":76,"column":null}},"4":{"start":{"line":77,"column":0},"end":{"line":77,"column":null}},"5":{"start":{"line":78,"column":0},"end":{"line":78,"column":null}},"6":{"start":{"line":79,"column":0},"end":{"line":79,"column":null}},"7":{"start":{"line":80,"column":0},"end":{"line":80,"column":null}},"8":{"start":{"line":88,"column":0},"end":{"line":88,"column":null}},"9":{"start":{"line":89,"column":0},"end":{"line":89,"column":null}},"10":{"start":{"line":90,"column":0},"end":{"line":90,"column":null}},"11":{"start":{"line":91,"column":0},"end":{"line":91,"column":null}},"12":{"start":{"line":95,"column":0},"end":{"line":95,"column":null}},"13":{"start":{"line":97,"column":0},"end":{"line":97,"column":null}},"14":{"start":{"line":100,"column":0},"end":{"line":100,"column":null}},"15":{"start":{"line":104,"column":0},"end":{"line":104,"column":null}},"16":{"start":{"line":108,"column":0},"end":{"line":108,"column":null}},"17":{"start":{"line":112,"column":0},"end":{"line":112,"column":null}},"18":{"start":{"line":116,"column":0},"end":{"line":116,"column":null}},"19":{"start":{"line":120,"column":0},"end":{"line":124,"column":null}},"20":{"start":{"line":121,"column":0},"end":{"line":121,"column":null}},"21":{"start":{"line":123,"column":0},"end":{"line":123,"column":null}},"22":{"start":{"line":128,"column":0},"end":{"line":128,"column":null}},"23":{"start":{"line":132,"column":0},"end":{"line":132,"column":null}},"24":{"start":{"line":136,"column":0},"end":{"line":136,"column":null}},"25":{"start":{"line":140,"column":0},"end":{"line":140,"column":null}},"26":{"start":{"line":88,"column":0},"end":{"line":85,"column":null}}},"fnMap":{"0":{"name":"(anonymous_1)","decl":{"start":{"line":88,"column":0},"end":{"line":88,"column":null}},"loc":{"start":{"line":88,"column":0},"end":{"line":142,"column":null}}},"1":{"name":"(anonymous_2)","decl":{"start":{"line":99,"column":0},"end":{"line":99,"column":null}},"loc":{"start":{"line":99,"column":0},"end":{"line":101,"column":null}}},"2":{"name":"(anonymous_3)","decl":{"start":{"line":103,"column":0},"end":{"line":103,"column":null}},"loc":{"start":{"line":103,"column":0},"end":{"line":105,"column":null}}},"3":{"name":"(anonymous_4)","decl":{"start":{"line":107,"column":0},"end":{"line":107,"column":null}},"loc":{"start":{"line":107,"column":0},"end":{"line":109,"column":null}}},"4":{"name":"(anonymous_5)","decl":{"start":{"line":111,"column":0},"end":{"line":111,"column":null}},"loc":{"start":{"line":111,"column":0},"end":{"line":113,"column":null}}},"5":{"name":"(anonymous_6)","decl":{"start":{"line":115,"column":0},"end":{"line":115,"column":null}},"loc":{"start":{"line":115,"column":0},"end":{"line":117,"column":null}}},"6":{"name":"(anonymous_7)","decl":{"start":{"line":119,"column":0},"end":{"line":119,"column":null}},"loc":{"start":{"line":119,"column":0},"end":{"line":125,"column":null}}},"7":{"name":"(anonymous_8)","decl":{"start":{"line":127,"column":0},"end":{"line":127,"column":null}},"loc":{"start":{"line":127,"column":0},"end":{"line":129,"column":null}}},"8":{"name":"(anonymous_9)","decl":{"start":{"line":131,"column":0},"end":{"line":131,"column":null}},"loc":{"start":{"line":131,"column":0},"end":{"line":133,"column":null}}},"9":{"name":"(anonymous_10)","decl":{"start":{"line":135,"column":0},"end":{"line":135,"column":null}},"loc":{"start":{"line":135,"column":0},"end":{"line":137,"column":null}}},"10":{"name":"(anonymous_11)","decl":{"start":{"line":139,"column":0},"end":{"line":139,"column":null}},"loc":{"start":{"line":139,"column":0},"end":{"line":141,"column":null}}}},"branchMap":{"0":{"loc":{"start":{"line":112,"column":0},"end":{"line":112,"column":null}},"type":"cond-expr","locations":[{"start":{"line":112,"column":0},"end":{"line":112,"column":null}},{"start":{"line":112,"column":0},"end":{"line":112,"column":null}}]},"1":{"loc":{"start":{"line":120,"column":0},"end":{"line":124,"column":null}},"type":"if","locations":[{"start":{"line":120,"column":0},"end":{"line":124,"column":null}},{"start":{"line":120,"column":0},"end":{"line":124,"column":null}}]}},"s":{"0":2,"1":2,"2":2,"3":2,"4":2,"5":2,"6":2,"7":2,"8":2,"9":5,"10":5,"11":5,"12":5,"13":5,"14":5,"15":5,"16":5,"17":19,"18":19,"19":4,"20":3,"21":1,"22":3,"23":1,"24":1,"25":1,"26":2},"f":{"0":5,"1":5,"2":5,"3":5,"4":19,"5":19,"6":4,"7":3,"8":1,"9":1,"10":1},"b":{"0":[17,2],"1":[3,1]}}
,"C:\\workspace\\js_challenge\\js_challenge_enrico_schintu\\es_musement_app\\src\\views\\Home.vue": {"path":"C:\\workspace\\js_challenge\\js_challenge_enrico_schintu\\es_musement_app\\src\\views\\Home.vue","statementMap":{"0":{"start":{"line":12,"column":0},"end":{"line":12,"column":null}},"1":{"start":{"line":13,"column":0},"end":{"line":13,"column":null}},"2":{"start":{"line":15,"column":0},"end":{"line":15,"column":null}},"3":{"start":{"line":23,"column":0},"end":{"line":23,"column":null}},"4":{"start":{"line":23,"column":0},"end":{"line":17,"column":null}}},"fnMap":{},"branchMap":{},"s":{"0":1,"1":1,"2":1,"3":1,"4":1},"f":{},"b":{}}
,"C:\\workspace\\js_challenge\\js_challenge_enrico_schintu\\es_musement_app\\src\\views\\pages\\ShowcaseWrapper.vue": {"path":"C:\\workspace\\js_challenge\\js_challenge_enrico_schintu\\es_musement_app\\src\\views\\pages\\ShowcaseWrapper.vue","statementMap":{"0":{"start":{"line":8,"column":0},"end":{"line":8,"column":null}},"1":{"start":{"line":9,"column":0},"end":{"line":9,"column":null}},"2":{"start":{"line":10,"column":0},"end":{"line":10,"column":null}},"3":{"start":{"line":11,"column":0},"end":{"line":11,"column":null}},"4":{"start":{"line":12,"column":0},"end":{"line":12,"column":null}},"5":{"start":{"line":13,"column":0},"end":{"line":13,"column":null}},"6":{"start":{"line":15,"column":0},"end":{"line":15,"column":null}},"7":{"start":{"line":16,"column":0},"end":{"line":16,"column":null}},"8":{"start":{"line":21,"column":0},"end":{"line":21,"column":null}},"9":{"start":{"line":22,"column":0},"end":{"line":22,"column":null}},"10":{"start":{"line":25,"column":0},"end":{"line":25,"column":null}},"11":{"start":{"line":21,"column":0},"end":{"line":18,"column":null}}},"fnMap":{"0":{"name":"(anonymous_1)","decl":{"start":{"line":21,"column":0},"end":{"line":21,"column":null}},"loc":{"start":{"line":21,"column":0},"end":{"line":27,"column":null}}},"1":{"name":"(anonymous_2)","decl":{"start":{"line":24,"column":0},"end":{"line":24,"column":null}},"loc":{"start":{"line":24,"column":0},"end":{"line":26,"column":null}}}},"branchMap":{"0":{"loc":{"start":{"line":25,"column":0},"end":{"line":25,"column":null}},"type":"cond-expr","locations":[{"start":{"line":25,"column":0},"end":{"line":25,"column":null}},{"start":{"line":25,"column":0},"end":{"line":25,"column":null}}]}},"s":{"0":1,"1":1,"2":1,"3":1,"4":1,"5":1,"6":1,"7":1,"8":1,"9":1,"10":1,"11":1},"f":{"0":1,"1":1},"b":{"0":[0,1]}}
}
