{"C:\\workspace\\js_challenge\\js_challenge_enrico_schintu\\es_musement_app\\src\\App.vue": {"path":"C:\\workspace\\js_challenge\\js_challenge_enrico_schintu\\es_musement_app\\src\\App.vue","statementMap":{"0":{"start":{"line":27,"column":0},"end":{"line":27,"column":null}},"1":{"start":{"line":28,"column":0},"end":{"line":28,"column":null}},"2":{"start":{"line":33,"column":0},"end":{"line":33,"column":null}},"3":{"start":{"line":34,"column":0},"end":{"line":34,"column":null}},"4":{"start":{"line":37,"column":0},"end":{"line":37,"column":null}},"5":{"start":{"line":41,"column":0},"end":{"line":41,"column":null}},"6":{"start":{"line":33,"column":0},"end":{"line":30,"column":null}}},"fnMap":{"0":{"name":"(anonymous_1)","decl":{"start":{"line":33,"column":0},"end":{"line":33,"column":null}},"loc":{"start":{"line":33,"column":0},"end":{"line":43,"column":null}}},"1":{"name":"(anonymous_2)","decl":{"start":{"line":36,"column":0},"end":{"line":36,"column":null}},"loc":{"start":{"line":36,"column":0},"end":{"line":38,"column":null}}},"2":{"name":"(anonymous_3)","decl":{"start":{"line":40,"column":0},"end":{"line":40,"column":null}},"loc":{"start":{"line":40,"column":0},"end":{"line":42,"column":null}}}},"branchMap":{"0":{"loc":{"start":{"line":37,"column":0},"end":{"line":37,"column":null}},"type":"binary-expr","locations":[{"start":{"line":37,"column":0},"end":{"line":37,"column":null}},{"start":{"line":37,"column":0},"end":{"line":37,"column":null}}]}},"s":{"0":1,"1":1,"2":1,"3":3,"4":5,"5":1,"6":1},"f":{"0":3,"1":5,"2":1},"b":{"0":[5,3]}}
,"C:\\workspace\\js_challenge\\js_challenge_enrico_schintu\\es_musement_app\\src\\components\\commons\\CustomIcon.vue": {"path":"C:\\workspace\\js_challenge\\js_challenge_enrico_schintu\\es_musement_app\\src\\components\\commons\\CustomIcon.vue","statementMap":{"0":{"start":{"line":88,"column":0},"end":{"line":88,"column":null}},"1":{"start":{"line":91,"column":0},"end":{"line":91,"column":null}},"2":{"start":{"line":92,"column":0},"end":{"line":92,"column":null}},"3":{"start":{"line":94,"column":0},"end":{"line":94,"column":null}},"4":{"start":{"line":96,"column":0},"end":{"line":96,"column":null}},"5":{"start":{"line":98,"column":0},"end":{"line":98,"column":null}},"6":{"start":{"line":100,"column":0},"end":{"line":100,"column":null}},"7":{"start":{"line":102,"column":0},"end":{"line":102,"column":null}}},"fnMap":{},"branchMap":{},"s":{"0":7,"1":14,"2":7,"3":7,"4":7,"5":7,"6":7,"7":7},"f":{},"b":{}}
,"C:\\workspace\\js_challenge\\js_challenge_enrico_schintu\\es_musement_app\\src\\components\\commons\\ImageWrapper.vue": {"path":"C:\\workspace\\js_challenge\\js_challenge_enrico_schintu\\es_musement_app\\src\\components\\commons\\ImageWrapper.vue","statementMap":{"0":{"start":{"line":175,"column":0},"end":{"line":175,"column":null}},"1":{"start":{"line":178,"column":0},"end":{"line":178,"column":null}},"2":{"start":{"line":189,"column":0},"end":{"line":189,"column":null}},"3":{"start":{"line":191,"column":0},"end":{"line":191,"column":null}},"4":{"start":{"line":196,"column":0},"end":{"line":196,"column":null}},"5":{"start":{"line":200,"column":0},"end":{"line":202,"column":null}},"6":{"start":{"line":201,"column":0},"end":{"line":201,"column":null}},"7":{"start":{"line":206,"column":0},"end":{"line":208,"column":null}},"8":{"start":{"line":207,"column":0},"end":{"line":207,"column":null}},"9":{"start":{"line":209,"column":0},"end":{"line":209,"column":null}},"10":{"start":{"line":179,"column":0},"end":{"line":179,"column":null}},"11":{"start":{"line":181,"column":0},"end":{"line":181,"column":null}},"12":{"start":{"line":183,"column":0},"end":{"line":183,"column":null}},"13":{"start":{"line":185,"column":0},"end":{"line":185,"column":null}},"14":{"start":{"line":187,"column":0},"end":{"line":187,"column":null}}},"fnMap":{"0":{"name":"(anonymous_1)","decl":{"start":{"line":178,"column":0},"end":{"line":178,"column":null}},"loc":{"start":{"line":178,"column":0},"end":{"line":211,"column":null}}},"1":{"name":"(anonymous_2)","decl":{"start":{"line":195,"column":0},"end":{"line":195,"column":null}},"loc":{"start":{"line":195,"column":0},"end":{"line":197,"column":null}}},"2":{"name":"(anonymous_3)","decl":{"start":{"line":199,"column":0},"end":{"line":199,"column":null}},"loc":{"start":{"line":199,"column":0},"end":{"line":203,"column":null}}},"3":{"name":"(anonymous_4)","decl":{"start":{"line":200,"column":0},"end":{"line":200,"column":null}},"loc":{"start":{"line":200,"column":0},"end":{"line":202,"column":null}}},"4":{"name":"(anonymous_5)","decl":{"start":{"line":205,"column":0},"end":{"line":205,"column":null}},"loc":{"start":{"line":205,"column":0},"end":{"line":210,"column":null}}}},"branchMap":{"0":{"loc":{"start":{"line":206,"column":0},"end":{"line":208,"column":null}},"type":"if","locations":[{"start":{"line":206,"column":0},"end":{"line":208,"column":null}},{"start":{"line":206,"column":0},"end":{"line":208,"column":null}}]}},"s":{"0":4,"1":8,"2":6,"3":6,"4":8,"5":6,"6":0,"7":1,"8":1,"9":1,"10":4,"11":4,"12":4,"13":4,"14":4},"f":{"0":6,"1":8,"2":6,"3":0,"4":1},"b":{"0":[1,0]}}
,"C:\\workspace\\js_challenge\\js_challenge_enrico_schintu\\es_musement_app\\src\\components\\commons\\Pagination.vue": {"path":"C:\\workspace\\js_challenge\\js_challenge_enrico_schintu\\es_musement_app\\src\\components\\commons\\Pagination.vue","statementMap":{"0":{"start":{"line":57,"column":0},"end":{"line":57,"column":null}},"1":{"start":{"line":58,"column":0},"end":{"line":58,"column":null}},"2":{"start":{"line":60,"column":0},"end":{"line":60,"column":null}},"3":{"start":{"line":65,"column":0},"end":{"line":65,"column":null}},"4":{"start":{"line":70,"column":0},"end":{"line":70,"column":null}},"5":{"start":{"line":74,"column":0},"end":{"line":74,"column":null}},"6":{"start":{"line":75,"column":0},"end":{"line":75,"column":null}},"7":{"start":{"line":79,"column":0},"end":{"line":79,"column":null}},"8":{"start":{"line":83,"column":0},"end":{"line":83,"column":null}},"9":{"start":{"line":87,"column":0},"end":{"line":87,"column":null}},"10":{"start":{"line":91,"column":0},"end":{"line":91,"column":null}},"11":{"start":{"line":92,"column":0},"end":{"line":92,"column":null}},"12":{"start":{"line":93,"column":0},"end":{"line":93,"column":null}},"13":{"start":{"line":94,"column":0},"end":{"line":96,"column":null}},"14":{"start":{"line":94,"column":0},"end":{"line":94,"column":null}},"15":{"start":{"line":95,"column":0},"end":{"line":95,"column":null}},"16":{"start":{"line":66,"column":0},"end":{"line":66,"column":null}},"17":{"start":{"line":68,"column":0},"end":{"line":68,"column":null}},"18":{"start":{"line":73,"column":0},"end":{"line":72,"column":null}},"19":{"start":{"line":65,"column":0},"end":{"line":62,"column":null}}},"fnMap":{"0":{"name":"(anonymous_1)","decl":{"start":{"line":65,"column":0},"end":{"line":65,"column":null}},"loc":{"start":{"line":65,"column":0},"end":{"line":98,"column":null}}},"1":{"name":"(anonymous_2)","decl":{"start":{"line":73,"column":0},"end":{"line":73,"column":null}},"loc":{"start":{"line":73,"column":0},"end":{"line":76,"column":null}}},"2":{"name":"(anonymous_3)","decl":{"start":{"line":78,"column":0},"end":{"line":78,"column":null}},"loc":{"start":{"line":78,"column":0},"end":{"line":80,"column":null}}},"3":{"name":"(anonymous_4)","decl":{"start":{"line":82,"column":0},"end":{"line":82,"column":null}},"loc":{"start":{"line":82,"column":0},"end":{"line":84,"column":null}}},"4":{"name":"(anonymous_5)","decl":{"start":{"line":86,"column":0},"end":{"line":86,"column":null}},"loc":{"start":{"line":86,"column":0},"end":{"line":88,"column":null}}},"5":{"name":"(anonymous_6)","decl":{"start":{"line":90,"column":0},"end":{"line":90,"column":null}},"loc":{"start":{"line":90,"column":0},"end":{"line":97,"column":null}}}},"branchMap":{"0":{"loc":{"start":{"line":74,"column":0},"end":{"line":74,"column":null}},"type":"cond-expr","locations":[{"start":{"line":74,"column":0},"end":{"line":74,"column":null}},{"start":{"line":74,"column":0},"end":{"line":74,"column":null}}]}},"s":{"0":3,"1":3,"2":3,"3":3,"4":8,"5":12,"6":12,"7":3,"8":1,"9":1,"10":12,"11":12,"12":12,"13":12,"14":12,"15":12,"16":3,"17":3,"18":3,"19":3},"f":{"0":8,"1":12,"2":3,"3":1,"4":1,"5":12},"b":{"0":[0,12]}}
,"C:\\workspace\\js_challenge\\js_challenge_enrico_schintu\\es_musement_app\\src\\components\\layout\\AppFooter.vue": {"path":"C:\\workspace\\js_challenge\\js_challenge_enrico_schintu\\es_musement_app\\src\\components\\layout\\AppFooter.vue","statementMap":{"0":{"start":{"line":12,"column":0},"end":{"line":12,"column":null}},"1":{"start":{"line":15,"column":0},"end":{"line":15,"column":null}}},"fnMap":{},"branchMap":{},"s":{"0":1,"1":2},"f":{},"b":{}}
,"C:\\workspace\\js_challenge\\js_challenge_enrico_schintu\\es_musement_app\\src\\components\\layout\\AppHeader.vue": {"path":"C:\\workspace\\js_challenge\\js_challenge_enrico_schintu\\es_musement_app\\src\\components\\layout\\AppHeader.vue","statementMap":{"0":{"start":{"line":18,"column":0},"end":{"line":18,"column":null}},"1":{"start":{"line":19,"column":0},"end":{"line":19,"column":null}},"2":{"start":{"line":20,"column":0},"end":{"line":20,"column":null}},"3":{"start":{"line":21,"column":0},"end":{"line":21,"column":null}},"4":{"start":{"line":22,"column":0},"end":{"line":22,"column":null}},"5":{"start":{"line":32,"column":0},"end":{"line":32,"column":null}},"6":{"start":{"line":32,"column":0},"end":{"line":24,"column":null}}},"fnMap":{},"branchMap":{},"s":{"0":1,"1":1,"2":1,"3":1,"4":1,"5":1,"6":1},"f":{},"b":{}}
,"C:\\workspace\\js_challenge\\js_challenge_enrico_schintu\\es_musement_app\\src\\components\\min-bag\\MiniBag.vue": {"path":"C:\\workspace\\js_challenge\\js_challenge_enrico_schintu\\es_musement_app\\src\\components\\min-bag\\MiniBag.vue","statementMap":{"0":{"start":{"line":63,"column":0},"end":{"line":63,"column":null}},"1":{"start":{"line":64,"column":0},"end":{"line":64,"column":null}},"2":{"start":{"line":66,"column":0},"end":{"line":66,"column":null}},"3":{"start":{"line":67,"column":0},"end":{"line":67,"column":null}},"4":{"start":{"line":68,"column":0},"end":{"line":68,"column":null}},"5":{"start":{"line":69,"column":0},"end":{"line":69,"column":null}},"6":{"start":{"line":74,"column":0},"end":{"line":74,"column":null}},"7":{"start":{"line":75,"column":0},"end":{"line":75,"column":null}},"8":{"start":{"line":77,"column":0},"end":{"line":77,"column":null}},"9":{"start":{"line":79,"column":0},"end":{"line":79,"column":null}},"10":{"start":{"line":82,"column":0},"end":{"line":82,"column":null}},"11":{"start":{"line":86,"column":0},"end":{"line":86,"column":null}},"12":{"start":{"line":90,"column":0},"end":{"line":90,"column":null}},"13":{"start":{"line":94,"column":0},"end":{"line":94,"column":null}},"14":{"start":{"line":95,"column":0},"end":{"line":95,"column":null}},"15":{"start":{"line":99,"column":0},"end":{"line":99,"column":null}},"16":{"start":{"line":103,"column":0},"end":{"line":103,"column":null}},"17":{"start":{"line":107,"column":0},"end":{"line":111,"column":null}},"18":{"start":{"line":108,"column":0},"end":{"line":108,"column":null}},"19":{"start":{"line":110,"column":0},"end":{"line":110,"column":null}},"20":{"start":{"line":115,"column":0},"end":{"line":115,"column":null}},"21":{"start":{"line":119,"column":0},"end":{"line":119,"column":null}},"22":{"start":{"line":123,"column":0},"end":{"line":125,"column":null}},"23":{"start":{"line":124,"column":0},"end":{"line":124,"column":null}},"24":{"start":{"line":129,"column":0},"end":{"line":129,"column":null}},"25":{"start":{"line":133,"column":0},"end":{"line":133,"column":null}},"26":{"start":{"line":74,"column":0},"end":{"line":71,"column":null}}},"fnMap":{"0":{"name":"(anonymous_1)","decl":{"start":{"line":74,"column":0},"end":{"line":74,"column":null}},"loc":{"start":{"line":74,"column":0},"end":{"line":135,"column":null}}},"1":{"name":"(anonymous_2)","decl":{"start":{"line":81,"column":0},"end":{"line":81,"column":null}},"loc":{"start":{"line":81,"column":0},"end":{"line":83,"column":null}}},"2":{"name":"(anonymous_3)","decl":{"start":{"line":85,"column":0},"end":{"line":85,"column":null}},"loc":{"start":{"line":85,"column":0},"end":{"line":87,"column":null}}},"3":{"name":"(anonymous_4)","decl":{"start":{"line":89,"column":0},"end":{"line":89,"column":null}},"loc":{"start":{"line":89,"column":0},"end":{"line":91,"column":null}}},"4":{"name":"(anonymous_5)","decl":{"start":{"line":93,"column":0},"end":{"line":93,"column":null}},"loc":{"start":{"line":93,"column":0},"end":{"line":96,"column":null}}},"5":{"name":"(anonymous_6)","decl":{"start":{"line":98,"column":0},"end":{"line":98,"column":null}},"loc":{"start":{"line":98,"column":0},"end":{"line":100,"column":null}}},"6":{"name":"(anonymous_7)","decl":{"start":{"line":102,"column":0},"end":{"line":102,"column":null}},"loc":{"start":{"line":102,"column":0},"end":{"line":104,"column":null}}},"7":{"name":"(anonymous_8)","decl":{"start":{"line":106,"column":0},"end":{"line":106,"column":null}},"loc":{"start":{"line":106,"column":0},"end":{"line":112,"column":null}}},"8":{"name":"(anonymous_9)","decl":{"start":{"line":114,"column":0},"end":{"line":114,"column":null}},"loc":{"start":{"line":114,"column":0},"end":{"line":116,"column":null}}},"9":{"name":"(anonymous_10)","decl":{"start":{"line":118,"column":0},"end":{"line":118,"column":null}},"loc":{"start":{"line":118,"column":0},"end":{"line":120,"column":null}}},"10":{"name":"(anonymous_11)","decl":{"start":{"line":122,"column":0},"end":{"line":122,"column":null}},"loc":{"start":{"line":122,"column":0},"end":{"line":126,"column":null}}},"11":{"name":"(anonymous_12)","decl":{"start":{"line":128,"column":0},"end":{"line":128,"column":null}},"loc":{"start":{"line":128,"column":0},"end":{"line":130,"column":null}}},"12":{"name":"(anonymous_13)","decl":{"start":{"line":132,"column":0},"end":{"line":132,"column":null}},"loc":{"start":{"line":132,"column":0},"end":{"line":134,"column":null}}}},"branchMap":{"0":{"loc":{"start":{"line":103,"column":0},"end":{"line":103,"column":null}},"type":"cond-expr","locations":[{"start":{"line":103,"column":0},"end":{"line":103,"column":null}},{"start":{"line":103,"column":0},"end":{"line":103,"column":null}}]},"1":{"loc":{"start":{"line":107,"column":0},"end":{"line":111,"column":null}},"type":"if","locations":[{"start":{"line":107,"column":0},"end":{"line":111,"column":null}},{"start":{"line":107,"column":0},"end":{"line":111,"column":null}}]},"2":{"loc":{"start":{"line":123,"column":0},"end":{"line":125,"column":null}},"type":"if","locations":[{"start":{"line":123,"column":0},"end":{"line":125,"column":null}},{"start":{"line":123,"column":0},"end":{"line":125,"column":null}}]}},"s":{"0":2,"1":2,"2":2,"3":2,"4":2,"5":2,"6":2,"7":7,"8":7,"9":7,"10":45,"11":68,"12":25,"13":42,"14":42,"15":7,"16":45,"17":5,"18":4,"19":1,"20":1,"21":4,"22":2,"23":1,"24":1,"25":1,"26":2},"f":{"0":7,"1":45,"2":68,"3":25,"4":42,"5":7,"6":45,"7":5,"8":1,"9":4,"10":2,"11":1,"12":1},"b":{"0":[25,20],"1":[4,1],"2":[1,1]}}
,"C:\\workspace\\js_challenge\\js_challenge_enrico_schintu\\es_musement_app\\src\\components\\mini-wishlist\\MiniWishlist.vue": {"path":"C:\\workspace\\js_challenge\\js_challenge_enrico_schintu\\es_musement_app\\src\\components\\mini-wishlist\\MiniWishlist.vue","statementMap":{"0":{"start":{"line":44,"column":0},"end":{"line":44,"column":null}},"1":{"start":{"line":45,"column":0},"end":{"line":45,"column":null}},"2":{"start":{"line":47,"column":0},"end":{"line":47,"column":null}},"3":{"start":{"line":48,"column":0},"end":{"line":48,"column":null}},"4":{"start":{"line":49,"column":0},"end":{"line":49,"column":null}},"5":{"start":{"line":56,"column":0},"end":{"line":56,"column":null}},"6":{"start":{"line":57,"column":0},"end":{"line":57,"column":null}},"7":{"start":{"line":59,"column":0},"end":{"line":59,"column":null}},"8":{"start":{"line":64,"column":0},"end":{"line":64,"column":null}},"9":{"start":{"line":68,"column":0},"end":{"line":68,"column":null}},"10":{"start":{"line":72,"column":0},"end":{"line":72,"column":null}},"11":{"start":{"line":76,"column":0},"end":{"line":76,"column":null}},"12":{"start":{"line":80,"column":0},"end":{"line":80,"column":null}},"13":{"start":{"line":84,"column":0},"end":{"line":88,"column":null}},"14":{"start":{"line":85,"column":0},"end":{"line":85,"column":null}},"15":{"start":{"line":87,"column":0},"end":{"line":87,"column":null}},"16":{"start":{"line":92,"column":0},"end":{"line":92,"column":null}},"17":{"start":{"line":96,"column":0},"end":{"line":96,"column":null}},"18":{"start":{"line":56,"column":0},"end":{"line":53,"column":null}}},"fnMap":{"0":{"name":"(anonymous_1)","decl":{"start":{"line":56,"column":0},"end":{"line":56,"column":null}},"loc":{"start":{"line":56,"column":0},"end":{"line":98,"column":null}}},"1":{"name":"(anonymous_2)","decl":{"start":{"line":63,"column":0},"end":{"line":63,"column":null}},"loc":{"start":{"line":63,"column":0},"end":{"line":65,"column":null}}},"2":{"name":"(anonymous_3)","decl":{"start":{"line":67,"column":0},"end":{"line":67,"column":null}},"loc":{"start":{"line":67,"column":0},"end":{"line":69,"column":null}}},"3":{"name":"(anonymous_4)","decl":{"start":{"line":71,"column":0},"end":{"line":71,"column":null}},"loc":{"start":{"line":71,"column":0},"end":{"line":73,"column":null}}},"4":{"name":"(anonymous_5)","decl":{"start":{"line":75,"column":0},"end":{"line":75,"column":null}},"loc":{"start":{"line":75,"column":0},"end":{"line":77,"column":null}}},"5":{"name":"(anonymous_6)","decl":{"start":{"line":79,"column":0},"end":{"line":79,"column":null}},"loc":{"start":{"line":79,"column":0},"end":{"line":81,"column":null}}},"6":{"name":"(anonymous_7)","decl":{"start":{"line":83,"column":0},"end":{"line":83,"column":null}},"loc":{"start":{"line":83,"column":0},"end":{"line":89,"column":null}}},"7":{"name":"(anonymous_8)","decl":{"start":{"line":91,"column":0},"end":{"line":91,"column":null}},"loc":{"start":{"line":91,"column":0},"end":{"line":93,"column":null}}},"8":{"name":"(anonymous_9)","decl":{"start":{"line":95,"column":0},"end":{"line":95,"column":null}},"loc":{"start":{"line":95,"column":0},"end":{"line":97,"column":null}}}},"branchMap":{"0":{"loc":{"start":{"line":76,"column":0},"end":{"line":76,"column":null}},"type":"cond-expr","locations":[{"start":{"line":76,"column":0},"end":{"line":76,"column":null}},{"start":{"line":76,"column":0},"end":{"line":76,"column":null}}]},"1":{"loc":{"start":{"line":84,"column":0},"end":{"line":88,"column":null}},"type":"if","locations":[{"start":{"line":84,"column":0},"end":{"line":88,"column":null}},{"start":{"line":84,"column":0},"end":{"line":88,"column":null}}]}},"s":{"0":2,"1":2,"2":2,"3":2,"4":2,"5":2,"6":5,"7":5,"8":19,"9":36,"10":12,"11":19,"12":1,"13":3,"14":2,"15":1,"16":2,"17":1,"18":2},"f":{"0":5,"1":19,"2":36,"3":12,"4":19,"5":1,"6":3,"7":2,"8":1},"b":{"0":[12,7],"1":[2,1]}}
,"C:\\workspace\\js_challenge\\js_challenge_enrico_schintu\\es_musement_app\\src\\components\\showcase\\Showcase.vue": {"path":"C:\\workspace\\js_challenge\\js_challenge_enrico_schintu\\es_musement_app\\src\\components\\showcase\\Showcase.vue","statementMap":{"0":{"start":{"line":31,"column":0},"end":{"line":31,"column":null}},"1":{"start":{"line":32,"column":0},"end":{"line":32,"column":null}},"2":{"start":{"line":33,"column":0},"end":{"line":33,"column":null}},"3":{"start":{"line":34,"column":0},"end":{"line":34,"column":null}},"4":{"start":{"line":35,"column":0},"end":{"line":35,"column":null}},"5":{"start":{"line":36,"column":0},"end":{"line":36,"column":null}},"6":{"start":{"line":41,"column":0},"end":{"line":41,"column":null}},"7":{"start":{"line":42,"column":0},"end":{"line":42,"column":null}},"8":{"start":{"line":43,"column":0},"end":{"line":43,"column":null}},"9":{"start":{"line":48,"column":0},"end":{"line":48,"column":null}},"10":{"start":{"line":49,"column":0},"end":{"line":49,"column":null}},"11":{"start":{"line":50,"column":0},"end":{"line":50,"column":null}},"12":{"start":{"line":53,"column":0},"end":{"line":53,"column":null}},"13":{"start":{"line":57,"column":0},"end":{"line":57,"column":null}},"14":{"start":{"line":61,"column":0},"end":{"line":61,"column":null}},"15":{"start":{"line":65,"column":0},"end":{"line":65,"column":null}},"16":{"start":{"line":69,"column":0},"end":{"line":69,"column":null}},"17":{"start":{"line":70,"column":0},"end":{"line":70,"column":null}},"18":{"start":{"line":71,"column":0},"end":{"line":71,"column":null}},"19":{"start":{"line":79,"column":0},"end":{"line":79,"column":null}},"20":{"start":{"line":84,"column":0},"end":{"line":84,"column":null}},"21":{"start":{"line":92,"column":0},"end":{"line":99,"column":null}},"22":{"start":{"line":93,"column":0},"end":{"line":93,"column":null}},"23":{"start":{"line":94,"column":0},"end":{"line":94,"column":null}},"24":{"start":{"line":95,"column":0},"end":{"line":95,"column":null}},"25":{"start":{"line":96,"column":0},"end":{"line":96,"column":null}},"26":{"start":{"line":98,"column":0},"end":{"line":98,"column":null}},"27":{"start":{"line":48,"column":0},"end":{"line":45,"column":null}}},"fnMap":{"0":{"name":"(anonymous_1)","decl":{"start":{"line":48,"column":0},"end":{"line":48,"column":null}},"loc":{"start":{"line":48,"column":0},"end":{"line":101,"column":null}}},"1":{"name":"(anonymous_2)","decl":{"start":{"line":52,"column":0},"end":{"line":52,"column":null}},"loc":{"start":{"line":52,"column":0},"end":{"line":54,"column":null}}},"2":{"name":"(anonymous_3)","decl":{"start":{"line":56,"column":0},"end":{"line":56,"column":null}},"loc":{"start":{"line":56,"column":0},"end":{"line":58,"column":null}}},"3":{"name":"(anonymous_4)","decl":{"start":{"line":60,"column":0},"end":{"line":60,"column":null}},"loc":{"start":{"line":60,"column":0},"end":{"line":62,"column":null}}},"4":{"name":"(anonymous_5)","decl":{"start":{"line":64,"column":0},"end":{"line":64,"column":null}},"loc":{"start":{"line":64,"column":0},"end":{"line":66,"column":null}}},"5":{"name":"(anonymous_6)","decl":{"start":{"line":68,"column":0},"end":{"line":68,"column":null}},"loc":{"start":{"line":68,"column":0},"end":{"line":72,"column":null}}},"6":{"name":"(anonymous_7)","decl":{"start":{"line":74,"column":0},"end":{"line":74,"column":null}},"loc":{"start":{"line":74,"column":0},"end":{"line":86,"column":null}}},"7":{"name":"(anonymous_8)","decl":{"start":{"line":84,"column":0},"end":{"line":84,"column":null}},"loc":{"start":{"line":84,"column":0},"end":{"line":84,"column":null}}},"8":{"name":"(anonymous_9)","decl":{"start":{"line":88,"column":0},"end":{"line":88,"column":null}},"loc":{"start":{"line":88,"column":0},"end":{"line":100,"column":null}}}},"branchMap":{"0":{"loc":{"start":{"line":70,"column":0},"end":{"line":70,"column":null}},"type":"cond-expr","locations":[{"start":{"line":70,"column":0},"end":{"line":70,"column":null}},{"start":{"line":70,"column":0},"end":{"line":70,"column":null}}]},"1":{"loc":{"start":{"line":92,"column":0},"end":{"line":99,"column":null}},"type":"if","locations":[{"start":{"line":92,"column":0},"end":{"line":99,"column":null}},{"start":{"line":92,"column":0},"end":{"line":99,"column":null}}]}},"s":{"0":2,"1":2,"2":2,"3":2,"4":2,"5":2,"6":2,"7":2,"8":2,"9":2,"10":6,"11":6,"12":1,"13":15,"14":9,"15":15,"16":1,"17":1,"18":1,"19":1,"20":0,"21":2,"22":1,"23":1,"24":1,"25":1,"26":1,"27":2},"f":{"0":6,"1":1,"2":15,"3":9,"4":15,"5":1,"6":1,"7":0,"8":2},"b":{"0":[0,1],"1":[1,1]}}
,"C:\\workspace\\js_challenge\\js_challenge_enrico_schintu\\es_musement_app\\src\\components\\showcase\\elements\\EventItemCard.vue": {"path":"C:\\workspace\\js_challenge\\js_challenge_enrico_schintu\\es_musement_app\\src\\components\\showcase\\elements\\EventItemCard.vue","statementMap":{"0":{"start":{"line":52,"column":0},"end":{"line":52,"column":null}},"1":{"start":{"line":53,"column":0},"end":{"line":53,"column":null}},"2":{"start":{"line":54,"column":0},"end":{"line":54,"column":null}},"3":{"start":{"line":55,"column":0},"end":{"line":55,"column":null}},"4":{"start":{"line":57,"column":0},"end":{"line":57,"column":null}},"5":{"start":{"line":58,"column":0},"end":{"line":58,"column":null}},"6":{"start":{"line":65,"column":0},"end":{"line":65,"column":null}},"7":{"start":{"line":68,"column":0},"end":{"line":68,"column":null}},"8":{"start":{"line":69,"column":0},"end":{"line":69,"column":null}},"9":{"start":{"line":71,"column":0},"end":{"line":71,"column":null}},"10":{"start":{"line":74,"column":0},"end":{"line":74,"column":null}},"11":{"start":{"line":78,"column":0},"end":{"line":78,"column":null}},"12":{"start":{"line":82,"column":0},"end":{"line":82,"column":null}},"13":{"start":{"line":86,"column":0},"end":{"line":86,"column":null}},"14":{"start":{"line":90,"column":0},"end":{"line":90,"column":null}},"15":{"start":{"line":94,"column":0},"end":{"line":94,"column":null}},"16":{"start":{"line":66,"column":0},"end":{"line":66,"column":null}},"17":{"start":{"line":65,"column":0},"end":{"line":62,"column":null}}},"fnMap":{"0":{"name":"(anonymous_1)","decl":{"start":{"line":65,"column":0},"end":{"line":65,"column":null}},"loc":{"start":{"line":65,"column":0},"end":{"line":96,"column":null}}},"1":{"name":"(anonymous_2)","decl":{"start":{"line":73,"column":0},"end":{"line":73,"column":null}},"loc":{"start":{"line":73,"column":0},"end":{"line":75,"column":null}}},"2":{"name":"(anonymous_3)","decl":{"start":{"line":77,"column":0},"end":{"line":77,"column":null}},"loc":{"start":{"line":77,"column":0},"end":{"line":79,"column":null}}},"3":{"name":"(anonymous_4)","decl":{"start":{"line":81,"column":0},"end":{"line":81,"column":null}},"loc":{"start":{"line":81,"column":0},"end":{"line":83,"column":null}}},"4":{"name":"(anonymous_5)","decl":{"start":{"line":85,"column":0},"end":{"line":85,"column":null}},"loc":{"start":{"line":85,"column":0},"end":{"line":87,"column":null}}},"5":{"name":"(anonymous_6)","decl":{"start":{"line":89,"column":0},"end":{"line":89,"column":null}},"loc":{"start":{"line":89,"column":0},"end":{"line":91,"column":null}}},"6":{"name":"(anonymous_7)","decl":{"start":{"line":93,"column":0},"end":{"line":93,"column":null}},"loc":{"start":{"line":93,"column":0},"end":{"line":95,"column":null}}}},"branchMap":{"0":{"loc":{"start":{"line":78,"column":0},"end":{"line":78,"column":null}},"type":"cond-expr","locations":[{"start":{"line":78,"column":0},"end":{"line":78,"column":null}},{"start":{"line":78,"column":0},"end":{"line":78,"column":null}}]}},"s":{"0":3,"1":3,"2":3,"3":3,"4":3,"5":3,"6":3,"7":5,"8":5,"9":5,"10":8,"11":6,"12":1,"13":1,"14":1,"15":1,"16":3,"17":3},"f":{"0":5,"1":8,"2":6,"3":1,"4":1,"5":1,"6":1},"b":{"0":[11,7]}}
,"C:\\workspace\\js_challenge\\js_challenge_enrico_schintu\\es_musement_app\\src\\components\\user-menu\\UserMenu.vue": {"path":"C:\\workspace\\js_challenge\\js_challenge_enrico_schintu\\es_musement_app\\src\\components\\user-menu\\UserMenu.vue","statementMap":{"0":{"start":{"line":69,"column":0},"end":{"line":69,"column":null}},"1":{"start":{"line":70,"column":0},"end":{"line":70,"column":null}},"2":{"start":{"line":72,"column":0},"end":{"line":72,"column":null}},"3":{"start":{"line":73,"column":0},"end":{"line":73,"column":null}},"4":{"start":{"line":74,"column":0},"end":{"line":74,"column":null}},"5":{"start":{"line":75,"column":0},"end":{"line":75,"column":null}},"6":{"start":{"line":76,"column":0},"end":{"line":76,"column":null}},"7":{"start":{"line":77,"column":0},"end":{"line":77,"column":null}},"8":{"start":{"line":85,"column":0},"end":{"line":85,"column":null}},"9":{"start":{"line":86,"column":0},"end":{"line":86,"column":null}},"10":{"start":{"line":87,"column":0},"end":{"line":87,"column":null}},"11":{"start":{"line":88,"column":0},"end":{"line":88,"column":null}},"12":{"start":{"line":92,"column":0},"end":{"line":92,"column":null}},"13":{"start":{"line":94,"column":0},"end":{"line":94,"column":null}},"14":{"start":{"line":97,"column":0},"end":{"line":97,"column":null}},"15":{"start":{"line":101,"column":0},"end":{"line":101,"column":null}},"16":{"start":{"line":105,"column":0},"end":{"line":105,"column":null}},"17":{"start":{"line":109,"column":0},"end":{"line":109,"column":null}},"18":{"start":{"line":113,"column":0},"end":{"line":113,"column":null}},"19":{"start":{"line":117,"column":0},"end":{"line":121,"column":null}},"20":{"start":{"line":118,"column":0},"end":{"line":118,"column":null}},"21":{"start":{"line":120,"column":0},"end":{"line":120,"column":null}},"22":{"start":{"line":125,"column":0},"end":{"line":129,"column":null}},"23":{"start":{"line":126,"column":0},"end":{"line":128,"column":null}},"24":{"start":{"line":127,"column":0},"end":{"line":127,"column":null}},"25":{"start":{"line":133,"column":0},"end":{"line":133,"column":null}},"26":{"start":{"line":137,"column":0},"end":{"line":139,"column":null}},"27":{"start":{"line":138,"column":0},"end":{"line":138,"column":null}},"28":{"start":{"line":143,"column":0},"end":{"line":143,"column":null}},"29":{"start":{"line":147,"column":0},"end":{"line":147,"column":null}},"30":{"start":{"line":151,"column":0},"end":{"line":151,"column":null}},"31":{"start":{"line":85,"column":0},"end":{"line":82,"column":null}}},"fnMap":{"0":{"name":"(anonymous_1)","decl":{"start":{"line":85,"column":0},"end":{"line":85,"column":null}},"loc":{"start":{"line":85,"column":0},"end":{"line":153,"column":null}}},"1":{"name":"(anonymous_2)","decl":{"start":{"line":96,"column":0},"end":{"line":96,"column":null}},"loc":{"start":{"line":96,"column":0},"end":{"line":98,"column":null}}},"2":{"name":"(anonymous_3)","decl":{"start":{"line":100,"column":0},"end":{"line":100,"column":null}},"loc":{"start":{"line":100,"column":0},"end":{"line":102,"column":null}}},"3":{"name":"(anonymous_4)","decl":{"start":{"line":104,"column":0},"end":{"line":104,"column":null}},"loc":{"start":{"line":104,"column":0},"end":{"line":106,"column":null}}},"4":{"name":"(anonymous_5)","decl":{"start":{"line":108,"column":0},"end":{"line":108,"column":null}},"loc":{"start":{"line":108,"column":0},"end":{"line":110,"column":null}}},"5":{"name":"(anonymous_6)","decl":{"start":{"line":112,"column":0},"end":{"line":112,"column":null}},"loc":{"start":{"line":112,"column":0},"end":{"line":114,"column":null}}},"6":{"name":"(anonymous_7)","decl":{"start":{"line":116,"column":0},"end":{"line":116,"column":null}},"loc":{"start":{"line":116,"column":0},"end":{"line":122,"column":null}}},"7":{"name":"(anonymous_8)","decl":{"start":{"line":124,"column":0},"end":{"line":124,"column":null}},"loc":{"start":{"line":124,"column":0},"end":{"line":130,"column":null}}},"8":{"name":"(anonymous_9)","decl":{"start":{"line":125,"column":0},"end":{"line":125,"column":null}},"loc":{"start":{"line":125,"column":0},"end":{"line":129,"column":null}}},"9":{"name":"(anonymous_10)","decl":{"start":{"line":132,"column":0},"end":{"line":132,"column":null}},"loc":{"start":{"line":132,"column":0},"end":{"line":134,"column":null}}},"10":{"name":"(anonymous_11)","decl":{"start":{"line":136,"column":0},"end":{"line":136,"column":null}},"loc":{"start":{"line":136,"column":0},"end":{"line":140,"column":null}}},"11":{"name":"(anonymous_12)","decl":{"start":{"line":142,"column":0},"end":{"line":142,"column":null}},"loc":{"start":{"line":142,"column":0},"end":{"line":144,"column":null}}},"12":{"name":"(anonymous_13)","decl":{"start":{"line":146,"column":0},"end":{"line":146,"column":null}},"loc":{"start":{"line":146,"column":0},"end":{"line":148,"column":null}}},"13":{"name":"(anonymous_14)","decl":{"start":{"line":150,"column":0},"end":{"line":150,"column":null}},"loc":{"start":{"line":150,"column":0},"end":{"line":152,"column":null}}}},"branchMap":{"0":{"loc":{"start":{"line":109,"column":0},"end":{"line":109,"column":null}},"type":"cond-expr","locations":[{"start":{"line":109,"column":0},"end":{"line":109,"column":null}},{"start":{"line":109,"column":0},"end":{"line":109,"column":null}}]},"1":{"loc":{"start":{"line":117,"column":0},"end":{"line":121,"column":null}},"type":"if","locations":[{"start":{"line":117,"column":0},"end":{"line":121,"column":null}},{"start":{"line":117,"column":0},"end":{"line":121,"column":null}}]},"2":{"loc":{"start":{"line":126,"column":0},"end":{"line":128,"column":null}},"type":"if","locations":[{"start":{"line":126,"column":0},"end":{"line":128,"column":null}},{"start":{"line":126,"column":0},"end":{"line":128,"column":null}}]},"3":{"loc":{"start":{"line":137,"column":0},"end":{"line":139,"column":null}},"type":"if","locations":[{"start":{"line":137,"column":0},"end":{"line":139,"column":null}},{"start":{"line":137,"column":0},"end":{"line":139,"column":null}}]}},"s":{"0":1,"1":1,"2":1,"3":1,"4":1,"5":1,"6":1,"7":1,"8":1,"9":0,"10":0,"11":0,"12":0,"13":0,"14":0,"15":0,"16":0,"17":0,"18":0,"19":0,"20":0,"21":0,"22":0,"23":0,"24":0,"25":0,"26":0,"27":0,"28":0,"29":0,"30":0,"31":1},"f":{"0":0,"1":0,"2":0,"3":0,"4":0,"5":0,"6":0,"7":0,"8":0,"9":0,"10":0,"11":0,"12":0,"13":0},"b":{"0":[0,0],"1":[0,0],"2":[0,0],"3":[0,0]}}
,"C:\\workspace\\js_challenge\\js_challenge_enrico_schintu\\es_musement_app\\src\\views\\Home.vue": {"path":"C:\\workspace\\js_challenge\\js_challenge_enrico_schintu\\es_musement_app\\src\\views\\Home.vue","statementMap":{"0":{"start":{"line":12,"column":0},"end":{"line":12,"column":null}},"1":{"start":{"line":13,"column":0},"end":{"line":13,"column":null}},"2":{"start":{"line":15,"column":0},"end":{"line":15,"column":null}},"3":{"start":{"line":23,"column":0},"end":{"line":23,"column":null}},"4":{"start":{"line":23,"column":0},"end":{"line":17,"column":null}}},"fnMap":{},"branchMap":{},"s":{"0":1,"1":1,"2":1,"3":1,"4":1},"f":{},"b":{}}
,"C:\\workspace\\js_challenge\\js_challenge_enrico_schintu\\es_musement_app\\src\\views\\pages\\ShowcaseWrapper.vue": {"path":"C:\\workspace\\js_challenge\\js_challenge_enrico_schintu\\es_musement_app\\src\\views\\pages\\ShowcaseWrapper.vue","statementMap":{"0":{"start":{"line":8,"column":0},"end":{"line":8,"column":null}},"1":{"start":{"line":9,"column":0},"end":{"line":9,"column":null}},"2":{"start":{"line":10,"column":0},"end":{"line":10,"column":null}},"3":{"start":{"line":11,"column":0},"end":{"line":11,"column":null}},"4":{"start":{"line":12,"column":0},"end":{"line":12,"column":null}},"5":{"start":{"line":13,"column":0},"end":{"line":13,"column":null}},"6":{"start":{"line":14,"column":0},"end":{"line":14,"column":null}},"7":{"start":{"line":16,"column":0},"end":{"line":16,"column":null}},"8":{"start":{"line":17,"column":0},"end":{"line":17,"column":null}},"9":{"start":{"line":22,"column":0},"end":{"line":22,"column":null}},"10":{"start":{"line":23,"column":0},"end":{"line":23,"column":null}},"11":{"start":{"line":26,"column":0},"end":{"line":26,"column":null}},"12":{"start":{"line":30,"column":0},"end":{"line":30,"column":null}},"13":{"start":{"line":22,"column":0},"end":{"line":19,"column":null}}},"fnMap":{"0":{"name":"(anonymous_1)","decl":{"start":{"line":22,"column":0},"end":{"line":22,"column":null}},"loc":{"start":{"line":22,"column":0},"end":{"line":32,"column":null}}},"1":{"name":"(anonymous_2)","decl":{"start":{"line":25,"column":0},"end":{"line":25,"column":null}},"loc":{"start":{"line":25,"column":0},"end":{"line":27,"column":null}}},"2":{"name":"(anonymous_3)","decl":{"start":{"line":29,"column":0},"end":{"line":29,"column":null}},"loc":{"start":{"line":29,"column":0},"end":{"line":31,"column":null}}}},"branchMap":{"0":{"loc":{"start":{"line":26,"column":0},"end":{"line":26,"column":null}},"type":"cond-expr","locations":[{"start":{"line":26,"column":0},"end":{"line":26,"column":null}},{"start":{"line":26,"column":0},"end":{"line":26,"column":null}}]}},"s":{"0":1,"1":1,"2":1,"3":1,"4":1,"5":1,"6":1,"7":1,"8":1,"9":1,"10":1,"11":1,"12":0,"13":1},"f":{"0":1,"1":1,"2":0},"b":{"0":[0,1]}}
}
