TN:
SF:C:\workspace\js_challenge\js_challenge_enrico_schintu\es_musement_app\src\App.vue
FN:33,(anonymous_1)
FN:36,(anonymous_2)
FN:40,(anonymous_3)
FNF:3
FNH:3
FNDA:3,(anonymous_1)
FNDA:5,(anonymous_2)
FNDA:1,(anonymous_3)
DA:27,1
DA:28,1
DA:33,1
DA:34,3
DA:37,5
DA:41,1
LF:6
LH:6
BRDA:37,0,0,5
BRDA:37,0,1,3
BRF:2
BRH:2
end_of_record
TN:
SF:C:\workspace\js_challenge\js_challenge_enrico_schintu\es_musement_app\src\components\commons\CustomIcon.vue
FNF:0
FNH:0
DA:88,8
DA:91,16
DA:93,8
DA:96,8
DA:99,8
DA:102,8
DA:105,8
DA:108,8
LF:8
LH:8
BRF:0
BRH:0
end_of_record
TN:
SF:C:\workspace\js_challenge\js_challenge_enrico_schintu\es_musement_app\src\components\commons\ImageWrapper.vue
FN:178,(anonymous_1)
FN:217,(anonymous_2)
FN:218,(anonymous_3)
FN:226,(anonymous_4)
FN:236,(anonymous_5)
FN:243,(anonymous_6)
FN:252,(anonymous_7)
FN:259,(anonymous_8)
FNF:8
FNH:7
FNDA:6,(anonymous_1)
FNDA:6,(anonymous_2)
FNDA:0,(anonymous_3)
FNDA:1,(anonymous_4)
FNDA:9,(anonymous_5)
FNDA:4,(anonymous_6)
FNDA:3,(anonymous_7)
FNDA:3,(anonymous_8)
DA:175,7
DA:178,14
DA:180,7
DA:183,7
DA:186,7
DA:189,7
DA:192,7
DA:196,7
DA:199,7
DA:202,7
DA:206,7
DA:208,6
DA:210,6
DA:218,6
DA:219,0
DA:227,1
DA:228,1
DA:230,1
DA:237,9
DA:244,4
DA:253,3
DA:260,3
LF:22
LH:21
BRDA:227,0,0,1
BRDA:227,0,1,0
BRDA:244,1,0,3
BRDA:244,1,1,1
BRDA:253,2,0,1
BRDA:253,2,1,2
BRDA:260,3,0,1
BRDA:260,3,1,2
BRF:8
BRH:7
end_of_record
TN:
SF:C:\workspace\js_challenge\js_challenge_enrico_schintu\es_musement_app\src\components\commons\Pagination.vue
FN:50,(anonymous_1)
FN:63,(anonymous_2)
FN:71,(anonymous_3)
FN:80,(anonymous_4)
FN:89,(anonymous_5)
FN:97,(anonymous_6)
FNF:6
FNH:6
FNDA:6,(anonymous_1)
FNDA:10,(anonymous_2)
FNDA:3,(anonymous_3)
FNDA:1,(anonymous_4)
FNDA:1,(anonymous_5)
FNDA:8,(anonymous_6)
DA:42,3
DA:43,3
DA:45,3
DA:50,3
DA:52,3
DA:55,3
DA:57,6
DA:63,3
DA:64,10
DA:65,10
DA:72,3
DA:73,2
DA:81,1
DA:82,1
DA:90,1
DA:98,8
DA:99,8
DA:100,8
DA:101,8
DA:102,8
DA:103,22
LF:21
LH:21
BRDA:64,0,0,2
BRDA:64,0,1,8
BRDA:72,1,0,2
BRDA:72,1,1,1
BRDA:81,2,0,1
BRDA:81,2,1,0
BRDA:98,3,0,8
BRDA:98,3,1,0
BRF:8
BRH:6
end_of_record
TN:
SF:C:\workspace\js_challenge\js_challenge_enrico_schintu\es_musement_app\src\components\layout\AppFooter.vue
FNF:0
FNH:0
DA:8,1
DA:11,2
LF:2
LH:2
BRF:0
BRH:0
end_of_record
TN:
SF:C:\workspace\js_challenge\js_challenge_enrico_schintu\es_musement_app\src\components\layout\AppHeader.vue
FNF:0
FNH:0
DA:18,1
DA:19,1
DA:20,1
DA:21,1
DA:22,1
DA:32,1
LF:6
LH:6
BRF:0
BRH:0
end_of_record
TN:
SF:C:\workspace\js_challenge\js_challenge_enrico_schintu\es_musement_app\src\components\min-bag\MiniBag.vue
FN:84,(anonymous_1)
FN:96,(anonymous_2)
FN:101,(anonymous_3)
FN:106,(anonymous_4)
FN:111,(anonymous_5)
FN:117,(anonymous_6)
FN:122,(anonymous_7)
FN:127,(anonymous_8)
FN:136,(anonymous_9)
FN:141,(anonymous_10)
FN:146,(anonymous_11)
FN:153,(anonymous_12)
FN:158,(anonymous_13)
FN:163,(anonymous_14)
FN:169,(anonymous_15)
FNF:15
FNH:13
FNDA:7,(anonymous_1)
FNDA:45,(anonymous_2)
FNDA:68,(anonymous_3)
FNDA:25,(anonymous_4)
FNDA:42,(anonymous_5)
FNDA:7,(anonymous_6)
FNDA:45,(anonymous_7)
FNDA:5,(anonymous_8)
FNDA:1,(anonymous_9)
FNDA:4,(anonymous_10)
FNDA:2,(anonymous_11)
FNDA:1,(anonymous_12)
FNDA:1,(anonymous_13)
FNDA:0,(anonymous_14)
FNDA:0,(anonymous_15)
DA:72,2
DA:73,2
DA:75,2
DA:76,2
DA:77,2
DA:78,2
DA:79,2
DA:84,2
DA:85,7
DA:87,7
DA:89,7
DA:91,7
DA:97,45
DA:102,68
DA:107,25
DA:112,42
DA:113,42
DA:118,7
DA:123,45
DA:128,5
DA:129,4
DA:131,1
DA:137,1
DA:142,4
DA:147,2
DA:148,1
DA:154,1
DA:159,1
DA:160,0
DA:162,1
DA:163,1
DA:164,0
DA:170,0
LF:33
LH:30
BRDA:123,0,0,25
BRDA:123,0,1,20
BRDA:128,1,0,4
BRDA:128,1,1,1
BRDA:147,2,0,1
BRDA:147,2,1,1
BRDA:159,3,0,0
BRDA:159,3,1,1
BRF:8
BRH:7
end_of_record
TN:
SF:C:\workspace\js_challenge\js_challenge_enrico_schintu\es_musement_app\src\components\mini-wishlist\MiniWishlist.vue
FN:65,(anonymous_1)
FN:71,(anonymous_2)
FN:76,(anonymous_3)
FN:81,(anonymous_4)
FN:86,(anonymous_5)
FN:91,(anonymous_6)
FN:96,(anonymous_7)
FN:105,(anonymous_8)
FN:110,(anonymous_9)
FN:115,(anonymous_10)
FNF:10
FNH:9
FNDA:5,(anonymous_1)
FNDA:19,(anonymous_2)
FNDA:36,(anonymous_3)
FNDA:12,(anonymous_4)
FNDA:19,(anonymous_5)
FNDA:1,(anonymous_6)
FNDA:3,(anonymous_7)
FNDA:2,(anonymous_8)
FNDA:1,(anonymous_9)
FNDA:0,(anonymous_10)
DA:52,2
DA:53,2
DA:55,2
DA:56,2
DA:57,2
DA:60,2
DA:65,2
DA:66,5
DA:68,5
DA:72,19
DA:77,36
DA:82,12
DA:87,19
DA:92,1
DA:97,3
DA:98,2
DA:100,1
DA:106,2
DA:111,1
DA:116,0
LF:20
LH:19
BRDA:87,0,0,12
BRDA:87,0,1,7
BRDA:97,1,0,2
BRDA:97,1,1,1
BRF:4
BRH:4
end_of_record
TN:
SF:C:\workspace\js_challenge\js_challenge_enrico_schintu\es_musement_app\src\components\showcase\Showcase.vue
FN:54,(anonymous_1)
FN:59,(anonymous_2)
FN:64,(anonymous_3)
FN:69,(anonymous_4)
FN:74,(anonymous_5)
FN:79,(anonymous_6)
FN:85,(anonymous_7)
FN:92,(anonymous_8)
FN:102,(anonymous_9)
FN:107,(anonymous_10)
FNF:10
FNH:9
FNDA:8,(anonymous_1)
FNDA:1,(anonymous_2)
FNDA:7,(anonymous_3)
FNDA:20,(anonymous_4)
FNDA:9,(anonymous_5)
FNDA:15,(anonymous_6)
FNDA:1,(anonymous_7)
FNDA:1,(anonymous_8)
FNDA:0,(anonymous_9)
FNDA:2,(anonymous_10)
DA:37,2
DA:38,2
DA:39,2
DA:40,2
DA:41,2
DA:42,2
DA:47,2
DA:48,2
DA:49,2
DA:54,2
DA:55,8
DA:56,8
DA:60,1
DA:65,7
DA:70,20
DA:75,9
DA:80,15
DA:86,1
DA:87,1
DA:88,1
DA:97,1
DA:102,0
DA:111,2
DA:112,1
DA:113,1
DA:114,1
DA:115,1
DA:117,1
LF:28
LH:27
BRDA:87,0,0,0
BRDA:87,0,1,1
BRDA:111,1,0,1
BRDA:111,1,1,1
BRF:4
BRH:3
end_of_record
TN:
SF:C:\workspace\js_challenge\js_challenge_enrico_schintu\es_musement_app\src\components\showcase\elements\EventItemCard.vue
FN:74,(anonymous_1)
FN:82,(anonymous_2)
FN:86,(anonymous_3)
FN:90,(anonymous_4)
FN:94,(anonymous_5)
FN:98,(anonymous_6)
FN:102,(anonymous_7)
FNF:7
FNH:7
FNDA:5,(anonymous_1)
FNDA:8,(anonymous_2)
FNDA:6,(anonymous_3)
FNDA:1,(anonymous_4)
FNDA:1,(anonymous_5)
FNDA:1,(anonymous_6)
FNDA:1,(anonymous_7)
DA:61,3
DA:62,3
DA:63,3
DA:64,3
DA:66,3
DA:67,3
DA:74,3
DA:75,3
DA:77,5
DA:78,5
DA:80,5
DA:83,8
DA:87,6
DA:91,1
DA:95,1
DA:99,1
DA:103,1
LF:17
LH:17
BRDA:87,0,0,11
BRDA:87,0,1,7
BRF:2
BRH:2
end_of_record
TN:
SF:C:\workspace\js_challenge\js_challenge_enrico_schintu\es_musement_app\src\components\user-menu\UserMenu.vue
FN:88,(anonymous_1)
FN:97,(anonymous_2)
FN:101,(anonymous_3)
FN:105,(anonymous_4)
FN:110,(anonymous_5)
FN:115,(anonymous_6)
FN:120,(anonymous_7)
FN:129,(anonymous_8)
FN:134,(anonymous_9)
FN:139,(anonymous_10)
FN:144,(anonymous_11)
FN:149,(anonymous_12)
FNF:12
FNH:11
FNDA:5,(anonymous_1)
FNDA:5,(anonymous_2)
FNDA:5,(anonymous_3)
FNDA:5,(anonymous_4)
FNDA:19,(anonymous_5)
FNDA:19,(anonymous_6)
FNDA:4,(anonymous_7)
FNDA:3,(anonymous_8)
FNDA:1,(anonymous_9)
FNDA:1,(anonymous_10)
FNDA:1,(anonymous_11)
FNDA:0,(anonymous_12)
DA:72,2
DA:73,2
DA:75,2
DA:76,2
DA:77,2
DA:78,2
DA:79,2
DA:80,2
DA:88,2
DA:89,5
DA:90,5
DA:91,5
DA:93,5
DA:95,5
DA:98,5
DA:102,5
DA:106,5
DA:111,19
DA:116,19
DA:121,4
DA:122,3
DA:124,1
DA:130,3
DA:135,1
DA:140,1
DA:145,1
DA:150,0
LF:27
LH:26
BRDA:111,0,0,17
BRDA:111,0,1,2
BRDA:121,1,0,3
BRDA:121,1,1,1
BRF:4
BRH:4
end_of_record
TN:
SF:C:\workspace\js_challenge\js_challenge_enrico_schintu\es_musement_app\src\views\Home.vue
FNF:0
FNH:0
DA:12,1
DA:13,1
DA:15,1
DA:23,1
LF:4
LH:4
BRF:0
BRH:0
end_of_record
TN:
SF:C:\workspace\js_challenge\js_challenge_enrico_schintu\es_musement_app\src\views\pages\ShowcaseWrapper.vue
FN:22,(anonymous_1)
FN:26,(anonymous_2)
FN:33,(anonymous_3)
FN:38,(anonymous_4)
FN:44,(anonymous_5)
FNF:5
FNH:5
FNDA:3,(anonymous_1)
FNDA:3,(anonymous_2)
FNDA:5,(anonymous_3)
FNDA:1,(anonymous_4)
FNDA:4,(anonymous_5)
DA:8,1
DA:9,1
DA:10,1
DA:11,1
DA:12,1
DA:13,1
DA:15,1
DA:16,1
DA:17,1
DA:22,1
DA:23,3
DA:24,3
DA:28,3
DA:33,1
DA:34,5
DA:39,1
DA:40,1
DA:45,4
DA:46,4
LF:19
LH:19
BRDA:28,0,0,0
BRDA:28,0,1,3
BRDA:34,1,0,4
BRDA:34,1,1,1
BRDA:40,2,0,1
BRDA:40,2,1,0
BRDA:46,3,0,4
BRDA:46,3,1,0
BRF:8
BRH:5
end_of_record
